{"/home/travis/build/npmtest/node-npmtest-pg.js/test.js":{"path":"/home/travis/build/npmtest/node-npmtest-pg.js/test.js","s":{"1":2,"2":2,"3":2,"4":2,"5":2,"6":2,"7":2,"8":1,"9":2,"10":2,"11":1,"12":1,"13":1,"14":1,"15":2,"16":2,"17":2,"18":2,"19":1,"20":1,"21":2,"22":2,"23":2,"24":1,"25":1,"26":1,"27":1,"28":1,"29":1,"30":1,"31":1,"32":1,"33":1,"34":1,"35":1,"36":1,"37":1,"38":1,"39":2,"40":2,"41":1,"42":2,"43":2,"44":1,"45":2,"46":2,"47":1,"48":2,"49":2,"50":1,"51":1,"52":1,"53":1,"54":1},"b":{"1":[2,1,1,1],"2":[1,1,1,1],"3":[1,1],"4":[1,1],"5":[1,1],"6":[1,1],"7":[1,1],"8":[1,1],"9":[1,1],"10":[1,1,1],"11":[1,1],"12":[1,1],"13":[1,1],"14":[1,1],"15":[1,1],"16":[1,1],"17":[1,1]},"f":{"1":2,"2":2,"3":2,"4":2,"5":2,"6":1,"7":1,"8":1,"9":2,"10":2,"11":2,"12":2,"13":1},"fnMap":{"1":{"name":"(anonymous_1)","line":12,"loc":{"start":{"line":12,"column":1},"end":{"line":12,"column":13}}},"2":{"name":"(anonymous_2)","line":19,"loc":{"start":{"line":19,"column":5},"end":{"line":19,"column":17}}},"3":{"name":"(anonymous_3)","line":23,"loc":{"start":{"line":23,"column":24},"end":{"line":23,"column":36}}},"4":{"name":"(anonymous_4)","line":61,"loc":{"start":{"line":61,"column":5},"end":{"line":61,"column":17}}},"5":{"name":"(anonymous_5)","line":82,"loc":{"start":{"line":82,"column":5},"end":{"line":82,"column":17}}},"6":{"name":"(anonymous_6)","line":91,"loc":{"start":{"line":91,"column":77},"end":{"line":94,"column":10}}},"7":{"name":"(anonymous_7)","line":112,"loc":{"start":{"line":112,"column":83},"end":{"line":115,"column":10}},"skip":true},"8":{"name":"(anonymous_8)","line":123,"loc":{"start":{"line":123,"column":77},"end":{"line":126,"column":10}},"skip":true},"9":{"name":"(anonymous_9)","line":139,"loc":{"start":{"line":139,"column":12},"end":{"line":139,"column":40}},"skip":true},"10":{"name":"(anonymous_10)","line":147,"loc":{"start":{"line":147,"column":77},"end":{"line":150,"column":10}},"skip":true},"11":{"name":"(anonymous_11)","line":158,"loc":{"start":{"line":158,"column":83},"end":{"line":161,"column":10}},"skip":true},"12":{"name":"(anonymous_12)","line":169,"loc":{"start":{"line":169,"column":79},"end":{"line":172,"column":10}},"skip":true},"13":{"name":"(anonymous_13)","line":180,"loc":{"start":{"line":180,"column":75},"end":{"line":183,"column":10}},"skip":true}},"statementMap":{"1":{"start":{"line":12,"column":0},"end":{"line":195,"column":5}},"2":{"start":{"line":14,"column":4},"end":{"line":14,"column":14}},"3":{"start":{"line":19,"column":4},"end":{"line":56,"column":9}},"4":{"start":{"line":21,"column":8},"end":{"line":21,"column":19}},"5":{"start":{"line":23,"column":8},"end":{"line":35,"column":13}},"6":{"start":{"line":24,"column":12},"end":{"line":34,"column":13}},"7":{"start":{"line":25,"column":16},"end":{"line":28,"column":30}},"8":{"start":{"line":30,"column":16},"end":{"line":33,"column":27}},"9":{"start":{"line":37,"column":8},"end":{"line":39,"column":21}},"10":{"start":{"line":40,"column":8},"end":{"line":53,"column":9}},"11":{"start":{"line":43,"column":12},"end":{"line":46,"column":14}},"12":{"start":{"line":47,"column":12},"end":{"line":47,"column":18}},"13":{"start":{"line":50,"column":12},"end":{"line":51,"column":33}},"14":{"start":{"line":52,"column":12},"end":{"line":52,"column":18}},"15":{"start":{"line":55,"column":8},"end":{"line":55,"column":35}},"16":{"start":{"line":61,"column":4},"end":{"line":63,"column":9}},"17":{"start":{"line":62,"column":8},"end":{"line":62,"column":15}},"18":{"start":{"line":64,"column":4},"end":{"line":77,"column":5}},"19":{"start":{"line":70,"column":8},"end":{"line":70,"column":14}},"20":{"start":{"line":76,"column":8},"end":{"line":76,"column":14}},"21":{"start":{"line":82,"column":4},"end":{"line":84,"column":9}},"22":{"start":{"line":83,"column":8},"end":{"line":83,"column":15}},"23":{"start":{"line":85,"column":4},"end":{"line":194,"column":5}},"24":{"start":{"line":91,"column":8},"end":{"line":99,"column":10}},"25":{"start":{"line":98,"column":12},"end":{"line":98,"column":35}},"26":{"start":{"line":102,"column":8},"end":{"line":104,"column":63}},"27":{"start":{"line":105,"column":8},"end":{"line":105,"column":14}},"28":{"start":{"line":112,"column":8},"end":{"line":121,"column":10},"skip":true},"29":{"start":{"line":119,"column":12},"end":{"line":119,"column":55},"skip":true},"30":{"start":{"line":120,"column":12},"end":{"line":120,"column":48},"skip":true},"31":{"start":{"line":123,"column":8},"end":{"line":136,"column":10},"skip":true},"32":{"start":{"line":130,"column":12},"end":{"line":130,"column":76},"skip":true},"33":{"start":{"line":131,"column":12},"end":{"line":131,"column":73},"skip":true},"34":{"start":{"line":132,"column":12},"end":{"line":132,"column":74},"skip":true},"35":{"start":{"line":133,"column":12},"end":{"line":133,"column":79},"skip":true},"36":{"start":{"line":134,"column":12},"end":{"line":134,"column":25},"skip":true},"37":{"start":{"line":135,"column":12},"end":{"line":135,"column":45},"skip":true},"38":{"start":{"line":138,"column":8},"end":{"line":145,"column":14},"skip":true},"39":{"start":{"line":143,"column":16},"end":{"line":143,"column":29},"skip":true},"40":{"start":{"line":144,"column":16},"end":{"line":144,"column":55},"skip":true},"41":{"start":{"line":147,"column":8},"end":{"line":156,"column":10},"skip":true},"42":{"start":{"line":154,"column":12},"end":{"line":154,"column":25},"skip":true},"43":{"start":{"line":155,"column":12},"end":{"line":155,"column":45},"skip":true},"44":{"start":{"line":158,"column":8},"end":{"line":167,"column":10},"skip":true},"45":{"start":{"line":165,"column":12},"end":{"line":165,"column":25},"skip":true},"46":{"start":{"line":166,"column":12},"end":{"line":166,"column":48},"skip":true},"47":{"start":{"line":169,"column":8},"end":{"line":178,"column":10},"skip":true},"48":{"start":{"line":176,"column":12},"end":{"line":176,"column":25},"skip":true},"49":{"start":{"line":177,"column":12},"end":{"line":177,"column":46},"skip":true},"50":{"start":{"line":180,"column":8},"end":{"line":189,"column":10},"skip":true},"51":{"start":{"line":187,"column":12},"end":{"line":187,"column":94},"skip":true},"52":{"start":{"line":188,"column":12},"end":{"line":188,"column":48},"skip":true},"53":{"start":{"line":192,"column":8},"end":{"line":192,"column":35},"skip":true},"54":{"start":{"line":193,"column":8},"end":{"line":193,"column":14},"skip":true}},"branchMap":{"1":{"line":25,"type":"binary-expr","locations":[{"start":{"line":25,"column":23},"end":{"line":25,"column":62}},{"start":{"line":26,"column":20},"end":{"line":26,"column":70}},{"start":{"line":27,"column":20},"end":{"line":27,"column":71}},{"start":{"line":28,"column":20},"end":{"line":28,"column":29}}]},"2":{"line":30,"type":"binary-expr","locations":[{"start":{"line":30,"column":23},"end":{"line":30,"column":37}},{"start":{"line":31,"column":20},"end":{"line":31,"column":61}},{"start":{"line":32,"column":20},"end":{"line":32,"column":70}},{"start":{"line":33,"column":20},"end":{"line":33,"column":26}}]},"3":{"line":37,"type":"cond-expr","locations":[{"start":{"line":38,"column":14},"end":{"line":38,"column":20}},{"start":{"line":39,"column":14},"end":{"line":39,"column":20}}]},"4":{"line":40,"type":"switch","locations":[{"start":{"line":42,"column":8},"end":{"line":47,"column":18}},{"start":{"line":49,"column":8},"end":{"line":52,"column":18}}]},"5":{"line":44,"type":"binary-expr","locations":[{"start":{"line":44,"column":16},"end":{"line":44,"column":44}},{"start":{"line":44,"column":48},"end":{"line":44,"column":66}}]},"6":{"line":50,"type":"binary-expr","locations":[{"start":{"line":50,"column":21},"end":{"line":50,"column":49}},{"start":{"line":50,"column":53},"end":{"line":50,"column":72}}]},"7":{"line":64,"type":"switch","locations":[{"start":{"line":69,"column":4},"end":{"line":70,"column":14}},{"start":{"line":75,"column":4},"end":{"line":76,"column":14}}]},"8":{"line":85,"type":"switch","locations":[{"start":{"line":90,"column":4},"end":{"line":105,"column":14}},{"start":{"line":111,"column":4},"end":{"line":193,"column":14},"skip":true}]},"9":{"line":91,"type":"binary-expr","locations":[{"start":{"line":91,"column":42},"end":{"line":91,"column":73}},{"start":{"line":91,"column":77},"end":{"line":99,"column":9}}]},"10":{"line":102,"type":"binary-expr","locations":[{"start":{"line":102,"column":18},"end":{"line":102,"column":32}},{"start":{"line":103,"column":12},"end":{"line":103,"column":53}},{"start":{"line":104,"column":12},"end":{"line":104,"column":61}}]},"11":{"line":112,"type":"binary-expr","locations":[{"start":{"line":112,"column":45},"end":{"line":112,"column":79},"skip":true},{"start":{"line":112,"column":83},"end":{"line":121,"column":9},"skip":true}]},"12":{"line":123,"type":"binary-expr","locations":[{"start":{"line":123,"column":42},"end":{"line":123,"column":73},"skip":true},{"start":{"line":123,"column":77},"end":{"line":136,"column":9},"skip":true}]},"13":{"line":138,"type":"binary-expr","locations":[{"start":{"line":138,"column":48},"end":{"line":138,"column":85},"skip":true},{"start":{"line":139,"column":12},"end":{"line":145,"column":13},"skip":true}]},"14":{"line":147,"type":"binary-expr","locations":[{"start":{"line":147,"column":42},"end":{"line":147,"column":73},"skip":true},{"start":{"line":147,"column":77},"end":{"line":156,"column":9},"skip":true}]},"15":{"line":158,"type":"binary-expr","locations":[{"start":{"line":158,"column":45},"end":{"line":158,"column":79},"skip":true},{"start":{"line":158,"column":83},"end":{"line":167,"column":9},"skip":true}]},"16":{"line":169,"type":"binary-expr","locations":[{"start":{"line":169,"column":43},"end":{"line":169,"column":75},"skip":true},{"start":{"line":169,"column":79},"end":{"line":178,"column":9},"skip":true}]},"17":{"line":180,"type":"binary-expr","locations":[{"start":{"line":180,"column":41},"end":{"line":180,"column":71},"skip":true},{"start":{"line":180,"column":75},"end":{"line":189,"column":9},"skip":true}]}},"code":["/* istanbul instrument in package npmtest_pg_js */","/*jslint","    bitwise: true,","    browser: true,","    maxerr: 8,","    maxlen: 96,","    node: true,","    nomen: true,","    regexp: true,","    stupid: true","*/","(function () {","    'use strict';","    var local;","","","","    // run shared js-env code - init-before","    (function () {","        // init local","        local = {};","        // init modeJs","        local.modeJs = (function () {","            try {","                return typeof navigator.userAgent === 'string' &&","                    typeof document.querySelector('body') === 'object' &&","                    typeof XMLHttpRequest.prototype.open === 'function' &&","                    'browser';","            } catch (errorCaughtBrowser) {","                return module.exports &&","                    typeof process.versions.node === 'string' &&","                    typeof require('http').createServer === 'function' &&","                    'node';","            }","        }());","        // init global","        local.global = local.modeJs === 'browser'","            ? window","            : global;","        switch (local.modeJs) {","        // re-init local from window.local","        case 'browser':","            local = local.global.utility2.objectSetDefault(","                local.global.utility2_rollup || local.global.local,","                local.global.utility2","            );","            break;","        // re-init local from example.js","        case 'node':","            local = (local.global.utility2_rollup || require('utility2'))","                .requireReadme();","            break;","        }","        // export local","        local.global.local = local;","    }());","","","","    // run shared js-env code - function","    (function () {","        return;","    }());","    switch (local.modeJs) {","","","","    // run browser js-env code - function","    case 'browser':","        break;","","","","    // run node js-env code - function","    case 'node':","        break;","    }","","","","    // run shared js-env code - init-after","    (function () {","        return;","    }());","    switch (local.modeJs) {","","","","    // run browser js-env code - init-after","    case 'browser':","        local.testCase_browser_nullCase = local.testCase_browser_nullCase || function (","            options,","            onError","        ) {","        /*","         * this function will test browsers's null-case handling-behavior-behavior","         */","            onError(null, options);","        };","","        // run tests","        local.nop(local.modeTest &&","            document.querySelector('#testRunButton1') &&","            document.querySelector('#testRunButton1').click());","        break;","","","","    // run node js-env code - init-after","    /* istanbul ignore next */","    case 'node':","        local.testCase_buildApidoc_default = local.testCase_buildApidoc_default || function (","            options,","            onError","        ) {","        /*","         * this function will test buildApidoc's default handling-behavior-behavior","         */","            options = { modulePathList: module.paths };","            local.buildApidoc(options, onError);","        };","","        local.testCase_buildApp_default = local.testCase_buildApp_default || function (","            options,","            onError","        ) {","        /*","         * this function will test buildApp's default handling-behavior-behavior","         */","            local.testCase_buildReadme_default(options, local.onErrorThrow);","            local.testCase_buildLib_default(options, local.onErrorThrow);","            local.testCase_buildTest_default(options, local.onErrorThrow);","            local.testCase_buildCustomOrg_default(options, local.onErrorThrow);","            options = [];","            local.buildApp(options, onError);","        };","","        local.testCase_buildCustomOrg_default = local.testCase_buildCustomOrg_default ||","            function (options, onError) {","            /*","             * this function will test buildCustomOrg's default handling-behavior","             */","                options = {};","                local.buildCustomOrg(options, onError);","            };","","        local.testCase_buildLib_default = local.testCase_buildLib_default || function (","            options,","            onError","        ) {","        /*","         * this function will test buildLib's default handling-behavior","         */","            options = {};","            local.buildLib(options, onError);","        };","","        local.testCase_buildReadme_default = local.testCase_buildReadme_default || function (","            options,","            onError","        ) {","        /*","         * this function will test buildReadme's default handling-behavior-behavior","         */","            options = {};","            local.buildReadme(options, onError);","        };","","        local.testCase_buildTest_default = local.testCase_buildTest_default || function (","            options,","            onError","        ) {","        /*","         * this function will test buildTest's default handling-behavior","         */","            options = {};","            local.buildTest(options, onError);","        };","","        local.testCase_webpage_default = local.testCase_webpage_default || function (","            options,","            onError","        ) {","        /*","         * this function will test webpage's default handling-behavior","         */","            options = { modeCoverageMerge: true, url: local.serverLocalHost + '?modeTest=1' };","            local.browserTest(options, onError);","        };","","        // run test-server","        local.testRunServer(local);","        break;","    }","}());",""],"l":{"12":2,"14":2,"19":2,"21":2,"23":2,"24":2,"25":2,"30":1,"37":2,"40":2,"43":1,"47":1,"50":1,"52":1,"55":2,"61":2,"62":2,"64":2,"70":1,"76":1,"82":2,"83":2,"85":2,"91":1,"98":1,"102":1,"105":1,"112":1,"119":1,"120":1,"123":1,"130":1,"131":1,"132":1,"133":1,"134":1,"135":1,"138":1,"143":2,"144":2,"147":1,"154":2,"155":2,"158":1,"165":2,"166":2,"169":1,"176":2,"177":2,"180":1,"187":1,"188":1,"192":1,"193":1}},"/home/travis/build/npmtest/node-npmtest-pg.js/lib.npmtest_pg.js.js":{"path":"/home/travis/build/npmtest/node-npmtest-pg.js/lib.npmtest_pg.js.js","s":{"1":2,"2":2,"3":2,"4":2,"5":2,"6":2,"7":2,"8":1,"9":2,"10":2,"11":2,"12":2,"13":1,"14":1,"15":1,"16":1},"b":{"1":[2,1,1,1],"2":[1,1,1,1],"3":[1,1],"4":[2,2],"5":[1,1]},"f":{"1":2,"2":2,"3":2},"fnMap":{"1":{"name":"(anonymous_1)","line":12,"loc":{"start":{"line":12,"column":1},"end":{"line":12,"column":13}}},"2":{"name":"(anonymous_2)","line":19,"loc":{"start":{"line":19,"column":5},"end":{"line":19,"column":17}}},"3":{"name":"(anonymous_3)","line":23,"loc":{"start":{"line":23,"column":24},"end":{"line":23,"column":36}}}},"statementMap":{"1":{"start":{"line":12,"column":0},"end":{"line":53,"column":5}},"2":{"start":{"line":14,"column":4},"end":{"line":14,"column":14}},"3":{"start":{"line":19,"column":4},"end":{"line":52,"column":9}},"4":{"start":{"line":21,"column":8},"end":{"line":21,"column":19}},"5":{"start":{"line":23,"column":8},"end":{"line":35,"column":13}},"6":{"start":{"line":24,"column":12},"end":{"line":34,"column":13}},"7":{"start":{"line":25,"column":16},"end":{"line":28,"column":30}},"8":{"start":{"line":30,"column":16},"end":{"line":33,"column":27}},"9":{"start":{"line":37,"column":8},"end":{"line":39,"column":21}},"10":{"start":{"line":41,"column":8},"end":{"line":41,"column":54}},"11":{"start":{"line":43,"column":8},"end":{"line":43,"column":50}},"12":{"start":{"line":45,"column":8},"end":{"line":51,"column":9}},"13":{"start":{"line":46,"column":12},"end":{"line":46,"column":56}},"14":{"start":{"line":48,"column":12},"end":{"line":48,"column":35}},"15":{"start":{"line":49,"column":12},"end":{"line":49,"column":49}},"16":{"start":{"line":50,"column":12},"end":{"line":50,"column":43}}},"branchMap":{"1":{"line":25,"type":"binary-expr","locations":[{"start":{"line":25,"column":23},"end":{"line":25,"column":62}},{"start":{"line":26,"column":20},"end":{"line":26,"column":70}},{"start":{"line":27,"column":20},"end":{"line":27,"column":71}},{"start":{"line":28,"column":20},"end":{"line":28,"column":29}}]},"2":{"line":30,"type":"binary-expr","locations":[{"start":{"line":30,"column":23},"end":{"line":30,"column":37}},{"start":{"line":31,"column":20},"end":{"line":31,"column":61}},{"start":{"line":32,"column":20},"end":{"line":32,"column":70}},{"start":{"line":33,"column":20},"end":{"line":33,"column":26}}]},"3":{"line":37,"type":"cond-expr","locations":[{"start":{"line":38,"column":14},"end":{"line":38,"column":20}},{"start":{"line":39,"column":14},"end":{"line":39,"column":20}}]},"4":{"line":41,"type":"binary-expr","locations":[{"start":{"line":41,"column":16},"end":{"line":41,"column":44}},{"start":{"line":41,"column":48},"end":{"line":41,"column":53}}]},"5":{"line":45,"type":"if","locations":[{"start":{"line":45,"column":8},"end":{"line":45,"column":8}},{"start":{"line":45,"column":8},"end":{"line":45,"column":8}}]}},"code":["/* istanbul instrument in package npmtest_pg_js */","/*jslint","    bitwise: true,","    browser: true,","    maxerr: 8,","    maxlen: 96,","    node: true,","    nomen: true,","    regexp: true,","    stupid: true","*/","(function () {","    'use strict';","    var local;","","","","    // run shared js-env code - pre-init","    (function () {","        // init local","        local = {};","        // init modeJs","        local.modeJs = (function () {","            try {","                return typeof navigator.userAgent === 'string' &&","                    typeof document.querySelector('body') === 'object' &&","                    typeof XMLHttpRequest.prototype.open === 'function' &&","                    'browser';","            } catch (errorCaughtBrowser) {","                return module.exports &&","                    typeof process.versions.node === 'string' &&","                    typeof require('http').createServer === 'function' &&","                    'node';","            }","        }());","        // init global","        local.global = local.modeJs === 'browser'","            ? window","            : global;","        // init utility2_rollup","        local = local.global.utility2_rollup || local;","        // init lib","        local.local = local.npmtest_pg_js = local;","        // init exports","        if (local.modeJs === 'browser') {","            local.global.utility2_npmtest_pg_js = local;","        } else {","            module.exports = local;","            module.exports.__dirname = __dirname;","            module.exports.module = module;","        }","    }());","}());",""],"l":{"12":2,"14":2,"19":2,"21":2,"23":2,"24":2,"25":2,"30":1,"37":2,"41":2,"43":2,"45":2,"46":1,"48":1,"49":1,"50":1}},"/home/travis/build/npmtest/node-npmtest-pg.js/example.js":{"path":"/home/travis/build/npmtest/node-npmtest-pg.js/example.js","s":{"1":2,"2":2,"3":2,"4":2,"5":2,"6":2,"7":2,"8":1,"9":2,"10":2,"11":2,"12":2,"13":1,"14":2,"15":2,"16":2,"17":2,"18":2,"19":0,"20":2,"21":1,"22":1,"23":1,"24":1,"25":1,"26":0,"27":0,"28":1,"29":1,"30":2,"31":0,"32":0,"33":0,"34":1,"35":2,"36":2,"37":3,"38":3,"39":3,"40":3,"41":0,"42":3,"43":3,"44":3,"45":1,"46":3,"47":1,"48":1,"49":1,"50":1,"51":1,"52":1,"53":1,"54":1,"55":1,"56":1,"57":0,"58":1,"59":6,"60":6,"61":1,"62":2,"63":0,"64":2,"65":1,"66":1,"67":0,"68":0,"69":0,"70":0,"71":0,"72":0,"73":0,"74":0,"75":0,"76":0,"77":0,"78":0,"79":0,"80":0,"81":0,"82":0,"83":0},"b":{"1":[2,1,1,1],"2":[1,1,1,1],"3":[1,1],"4":[2,2],"5":[1,1],"6":[1,1],"7":[2,0],"8":[2,1,1,1,1,1],"9":[0,2,0],"10":[1,1],"11":[2,1,1],"12":[1,0],"13":[0,2],"14":[2,0,0,0,0,0,0],"15":[0,3],"16":[3,0],"17":[1,1],"18":[0,1],"19":[1,2,0,2],"20":[1,0],"21":[1,1],"22":[0,0],"23":[0,0],"24":[0,0],"25":[0,0],"26":[0,0],"27":[0,0],"28":[0,0]},"f":{"1":2,"2":2,"3":2,"4":2,"5":2,"6":2,"7":3,"8":3,"9":3,"10":1,"11":6,"12":0},"fnMap":{"1":{"name":"(anonymous_1)","line":26,"loc":{"start":{"line":26,"column":1},"end":{"line":26,"column":13}}},"2":{"name":"(anonymous_2)","line":33,"loc":{"start":{"line":33,"column":5},"end":{"line":33,"column":17}}},"3":{"name":"(anonymous_3)","line":37,"loc":{"start":{"line":37,"column":24},"end":{"line":37,"column":36}}},"4":{"name":"(anonymous_4)","line":69,"loc":{"start":{"line":69,"column":31},"end":{"line":69,"column":48}},"skip":true},"5":{"name":"(anonymous_5)","line":78,"loc":{"start":{"line":78,"column":26},"end":{"line":78,"column":45}},"skip":true},"6":{"name":"(anonymous_6)","line":123,"loc":{"start":{"line":123,"column":33},"end":{"line":123,"column":48}},"skip":true},"7":{"name":"(anonymous_7)","line":125,"loc":{"start":{"line":125,"column":27},"end":{"line":125,"column":39}},"skip":true},"8":{"name":"(anonymous_8)","line":133,"loc":{"start":{"line":133,"column":59},"end":{"line":133,"column":74}},"skip":true},"9":{"name":"(anonymous_9)","line":143,"loc":{"start":{"line":143,"column":45},"end":{"line":143,"column":62}},"skip":true},"10":{"name":"(anonymous_10)","line":144,"loc":{"start":{"line":144,"column":73},"end":{"line":144,"column":92}},"skip":true},"11":{"name":"(anonymous_11)","line":272,"loc":{"start":{"line":272,"column":51},"end":{"line":272,"column":77}},"skip":true},"12":{"name":"(anonymous_12)","line":315,"loc":{"start":{"line":315,"column":32},"end":{"line":315,"column":61}},"skip":true}},"statementMap":{"1":{"start":{"line":26,"column":0},"end":{"line":326,"column":5}},"2":{"start":{"line":28,"column":4},"end":{"line":28,"column":14}},"3":{"start":{"line":33,"column":4},"end":{"line":60,"column":9}},"4":{"start":{"line":35,"column":8},"end":{"line":35,"column":19}},"5":{"start":{"line":37,"column":8},"end":{"line":49,"column":13}},"6":{"start":{"line":38,"column":12},"end":{"line":48,"column":13}},"7":{"start":{"line":39,"column":16},"end":{"line":42,"column":30}},"8":{"start":{"line":44,"column":16},"end":{"line":47,"column":27}},"9":{"start":{"line":51,"column":8},"end":{"line":53,"column":21}},"10":{"start":{"line":55,"column":8},"end":{"line":57,"column":45}},"11":{"start":{"line":59,"column":8},"end":{"line":59,"column":35}},"12":{"start":{"line":61,"column":4},"end":{"line":325,"column":5}},"13":{"start":{"line":69,"column":8},"end":{"line":121,"column":10},"skip":true},"14":{"start":{"line":70,"column":12},"end":{"line":88,"column":13},"skip":true},"15":{"start":{"line":76,"column":16},"end":{"line":87,"column":19},"skip":true},"16":{"start":{"line":79,"column":20},"end":{"line":86,"column":21},"skip":true},"17":{"start":{"line":82,"column":24},"end":{"line":82,"column":43},"skip":true},"18":{"start":{"line":83,"column":24},"end":{"line":83,"column":30},"skip":true},"19":{"start":{"line":85,"column":24},"end":{"line":85,"column":49},"skip":true},"20":{"start":{"line":89,"column":12},"end":{"line":107,"column":13},"skip":true},"21":{"start":{"line":92,"column":16},"end":{"line":102,"column":17},"skip":true},"22":{"start":{"line":93,"column":20},"end":{"line":93,"column":86},"skip":true},"23":{"start":{"line":94,"column":20},"end":{"line":95,"column":45},"skip":true},"24":{"start":{"line":96,"column":20},"end":{"line":96,"column":42},"skip":true},"25":{"start":{"line":97,"column":20},"end":{"line":97,"column":48},"skip":true},"26":{"start":{"line":100,"column":20},"end":{"line":100,"column":85},"skip":true},"27":{"start":{"line":101,"column":20},"end":{"line":101,"column":96},"skip":true},"28":{"start":{"line":103,"column":16},"end":{"line":103,"column":22},"skip":true},"29":{"start":{"line":106,"column":16},"end":{"line":106,"column":22},"skip":true},"30":{"start":{"line":108,"column":12},"end":{"line":120,"column":13},"skip":true},"31":{"start":{"line":114,"column":16},"end":{"line":119,"column":17},"skip":true},"32":{"start":{"line":116,"column":20},"end":{"line":116,"column":78},"skip":true},"33":{"start":{"line":118,"column":20},"end":{"line":118,"column":47},"skip":true},"34":{"start":{"line":123,"column":8},"end":{"line":141,"column":11},"skip":true},"35":{"start":{"line":124,"column":12},"end":{"line":124,"column":54},"skip":true},"36":{"start":{"line":125,"column":12},"end":{"line":140,"column":14},"skip":true},"37":{"start":{"line":126,"column":16},"end":{"line":126,"column":28},"skip":true},"38":{"start":{"line":127,"column":16},"end":{"line":127,"column":69},"skip":true},"39":{"start":{"line":128,"column":16},"end":{"line":128,"column":75},"skip":true},"40":{"start":{"line":129,"column":16},"end":{"line":131,"column":17},"skip":true},"41":{"start":{"line":130,"column":20},"end":{"line":130,"column":27},"skip":true},"42":{"start":{"line":133,"column":16},"end":{"line":137,"column":36},"skip":true},"43":{"start":{"line":134,"column":20},"end":{"line":136,"column":55},"skip":true},"44":{"start":{"line":139,"column":16},"end":{"line":139,"column":57},"skip":true},"45":{"start":{"line":143,"column":8},"end":{"line":147,"column":11},"skip":true},"46":{"start":{"line":144,"column":12},"end":{"line":146,"column":15},"skip":true},"47":{"start":{"line":145,"column":16},"end":{"line":145,"column":70},"skip":true},"48":{"start":{"line":149,"column":8},"end":{"line":149,"column":31},"skip":true},"49":{"start":{"line":150,"column":8},"end":{"line":150,"column":14},"skip":true},"50":{"start":{"line":158,"column":8},"end":{"line":158,"column":31},"skip":true},"51":{"start":{"line":160,"column":8},"end":{"line":160,"column":33},"skip":true},"52":{"start":{"line":161,"column":8},"end":{"line":161,"column":37},"skip":true},"53":{"start":{"line":162,"column":8},"end":{"line":162,"column":35},"skip":true},"54":{"start":{"line":164,"column":8},"end":{"line":164,"column":50},"skip":true},"55":{"start":{"line":166,"column":8},"end":{"line":256,"column":2},"skip":true},"56":{"start":{"line":258,"column":8},"end":{"line":286,"column":9},"skip":true},"57":{"start":{"line":259,"column":12},"end":{"line":269,"column":14},"skip":true},"58":{"start":{"line":271,"column":12},"end":{"line":285,"column":19},"skip":true},"59":{"start":{"line":274,"column":20},"end":{"line":274,"column":35},"skip":true},"60":{"start":{"line":275,"column":20},"end":{"line":284,"column":21},"skip":true},"61":{"start":{"line":277,"column":24},"end":{"line":277,"column":64},"skip":true},"62":{"start":{"line":279,"column":24},"end":{"line":279,"column":40},"skip":true},"63":{"start":{"line":281,"column":24},"end":{"line":281,"column":40},"skip":true},"64":{"start":{"line":283,"column":24},"end":{"line":283,"column":39},"skip":true},"65":{"start":{"line":288,"column":8},"end":{"line":290,"column":9},"skip":true},"66":{"start":{"line":289,"column":12},"end":{"line":289,"column":18},"skip":true},"67":{"start":{"line":291,"column":8},"end":{"line":293,"column":54},"skip":true},"68":{"start":{"line":296,"column":8},"end":{"line":301,"column":37},"skip":true},"69":{"start":{"line":303,"column":8},"end":{"line":303,"column":82},"skip":true},"70":{"start":{"line":306,"column":8},"end":{"line":308,"column":9},"skip":true},"71":{"start":{"line":307,"column":12},"end":{"line":307,"column":82},"skip":true},"72":{"start":{"line":310,"column":8},"end":{"line":312,"column":9},"skip":true},"73":{"start":{"line":311,"column":12},"end":{"line":311,"column":18},"skip":true},"74":{"start":{"line":313,"column":8},"end":{"line":313,"column":54},"skip":true},"75":{"start":{"line":314,"column":8},"end":{"line":314,"column":69},"skip":true},"76":{"start":{"line":315,"column":8},"end":{"line":323,"column":36},"skip":true},"77":{"start":{"line":316,"column":12},"end":{"line":316,"column":61},"skip":true},"78":{"start":{"line":317,"column":12},"end":{"line":320,"column":13},"skip":true},"79":{"start":{"line":318,"column":16},"end":{"line":318,"column":75},"skip":true},"80":{"start":{"line":319,"column":16},"end":{"line":319,"column":23},"skip":true},"81":{"start":{"line":321,"column":12},"end":{"line":321,"column":38},"skip":true},"82":{"start":{"line":322,"column":12},"end":{"line":322,"column":27},"skip":true},"83":{"start":{"line":324,"column":8},"end":{"line":324,"column":14},"skip":true}},"branchMap":{"1":{"line":39,"type":"binary-expr","locations":[{"start":{"line":39,"column":23},"end":{"line":39,"column":62}},{"start":{"line":40,"column":20},"end":{"line":40,"column":70}},{"start":{"line":41,"column":20},"end":{"line":41,"column":71}},{"start":{"line":42,"column":20},"end":{"line":42,"column":29}}]},"2":{"line":44,"type":"binary-expr","locations":[{"start":{"line":44,"column":23},"end":{"line":44,"column":37}},{"start":{"line":45,"column":20},"end":{"line":45,"column":61}},{"start":{"line":46,"column":20},"end":{"line":46,"column":70}},{"start":{"line":47,"column":20},"end":{"line":47,"column":26}}]},"3":{"line":51,"type":"cond-expr","locations":[{"start":{"line":52,"column":14},"end":{"line":52,"column":20}},{"start":{"line":53,"column":14},"end":{"line":53,"column":20}}]},"4":{"line":55,"type":"binary-expr","locations":[{"start":{"line":55,"column":16},"end":{"line":55,"column":44}},{"start":{"line":55,"column":49},"end":{"line":57,"column":43}}]},"5":{"line":55,"type":"cond-expr","locations":[{"start":{"line":56,"column":14},"end":{"line":56,"column":49}},{"start":{"line":57,"column":14},"end":{"line":57,"column":43}}]},"6":{"line":61,"type":"switch","locations":[{"start":{"line":68,"column":4},"end":{"line":150,"column":14},"skip":true},{"start":{"line":156,"column":4},"end":{"line":324,"column":14},"skip":true}]},"7":{"line":70,"type":"if","locations":[{"start":{"line":70,"column":12},"end":{"line":70,"column":12},"skip":true},{"start":{"line":70,"column":12},"end":{"line":70,"column":12},"skip":true}]},"8":{"line":70,"type":"binary-expr","locations":[{"start":{"line":70,"column":16},"end":{"line":70,"column":22},"skip":true},{"start":{"line":70,"column":27},"end":{"line":70,"column":32},"skip":true},{"start":{"line":71,"column":20},"end":{"line":71,"column":39},"skip":true},{"start":{"line":72,"column":20},"end":{"line":72,"column":49},"skip":true},{"start":{"line":73,"column":20},"end":{"line":73,"column":58},"skip":true},{"start":{"line":74,"column":20},"end":{"line":74,"column":69},"skip":true}]},"9":{"line":79,"type":"switch","locations":[{"start":{"line":80,"column":20},"end":{"line":80,"column":33},"skip":true},{"start":{"line":81,"column":20},"end":{"line":83,"column":30},"skip":true},{"start":{"line":84,"column":20},"end":{"line":85,"column":49},"skip":true}]},"10":{"line":89,"type":"switch","locations":[{"start":{"line":90,"column":12},"end":{"line":103,"column":22},"skip":true},{"start":{"line":105,"column":12},"end":{"line":106,"column":22},"skip":true}]},"11":{"line":89,"type":"binary-expr","locations":[{"start":{"line":89,"column":20},"end":{"line":89,"column":25},"skip":true},{"start":{"line":89,"column":29},"end":{"line":89,"column":48},"skip":true},{"start":{"line":89,"column":52},"end":{"line":89,"column":74},"skip":true}]},"12":{"line":92,"type":"if","locations":[{"start":{"line":92,"column":16},"end":{"line":92,"column":16},"skip":true},{"start":{"line":92,"column":16},"end":{"line":92,"column":16},"skip":true}]},"13":{"line":108,"type":"if","locations":[{"start":{"line":108,"column":12},"end":{"line":108,"column":12},"skip":true},{"start":{"line":108,"column":12},"end":{"line":108,"column":12},"skip":true}]},"14":{"line":108,"type":"binary-expr","locations":[{"start":{"line":108,"column":16},"end":{"line":108,"column":61},"skip":true},{"start":{"line":108,"column":66},"end":{"line":108,"column":72},"skip":true},{"start":{"line":108,"column":77},"end":{"line":108,"column":82},"skip":true},{"start":{"line":109,"column":20},"end":{"line":109,"column":39},"skip":true},{"start":{"line":110,"column":20},"end":{"line":110,"column":49},"skip":true},{"start":{"line":111,"column":20},"end":{"line":111,"column":58},"skip":true},{"start":{"line":112,"column":20},"end":{"line":112,"column":68},"skip":true}]},"15":{"line":129,"type":"if","locations":[{"start":{"line":129,"column":16},"end":{"line":129,"column":16},"skip":true},{"start":{"line":129,"column":16},"end":{"line":129,"column":16},"skip":true}]},"16":{"line":134,"type":"cond-expr","locations":[{"start":{"line":135,"column":26},"end":{"line":135,"column":29},"skip":true},{"start":{"line":136,"column":26},"end":{"line":136,"column":54},"skip":true}]},"17":{"line":164,"type":"binary-expr","locations":[{"start":{"line":164,"column":27},"end":{"line":164,"column":43},"skip":true},{"start":{"line":164,"column":47},"end":{"line":164,"column":49},"skip":true}]},"18":{"line":258,"type":"if","locations":[{"start":{"line":258,"column":8},"end":{"line":258,"column":8},"skip":true},{"start":{"line":258,"column":8},"end":{"line":258,"column":8},"skip":true}]},"19":{"line":275,"type":"switch","locations":[{"start":{"line":276,"column":20},"end":{"line":277,"column":64},"skip":true},{"start":{"line":278,"column":20},"end":{"line":279,"column":40},"skip":true},{"start":{"line":280,"column":20},"end":{"line":281,"column":40},"skip":true},{"start":{"line":282,"column":20},"end":{"line":283,"column":39},"skip":true}]},"20":{"line":288,"type":"if","locations":[{"start":{"line":288,"column":8},"end":{"line":288,"column":8},"skip":true},{"start":{"line":288,"column":8},"end":{"line":288,"column":8},"skip":true}]},"21":{"line":288,"type":"binary-expr","locations":[{"start":{"line":288,"column":12},"end":{"line":288,"column":40},"skip":true},{"start":{"line":288,"column":44},"end":{"line":288,"column":67},"skip":true}]},"22":{"line":292,"type":"binary-expr","locations":[{"start":{"line":292,"column":12},"end":{"line":292,"column":50},"skip":true},{"start":{"line":293,"column":12},"end":{"line":293,"column":53},"skip":true}]},"23":{"line":297,"type":"binary-expr","locations":[{"start":{"line":297,"column":12},"end":{"line":297,"column":63},"skip":true},{"start":{"line":298,"column":12},"end":{"line":301,"column":36},"skip":true}]},"24":{"line":303,"type":"binary-expr","locations":[{"start":{"line":303,"column":43},"end":{"line":303,"column":75},"skip":true},{"start":{"line":303,"column":79},"end":{"line":303,"column":81},"skip":true}]},"25":{"line":306,"type":"if","locations":[{"start":{"line":306,"column":8},"end":{"line":306,"column":8},"skip":true},{"start":{"line":306,"column":8},"end":{"line":306,"column":8},"skip":true}]},"26":{"line":310,"type":"if","locations":[{"start":{"line":310,"column":8},"end":{"line":310,"column":8},"skip":true},{"start":{"line":310,"column":8},"end":{"line":310,"column":8},"skip":true}]},"27":{"line":313,"type":"binary-expr","locations":[{"start":{"line":313,"column":27},"end":{"line":313,"column":43},"skip":true},{"start":{"line":313,"column":47},"end":{"line":313,"column":53},"skip":true}]},"28":{"line":317,"type":"if","locations":[{"start":{"line":317,"column":12},"end":{"line":317,"column":12},"skip":true},{"start":{"line":317,"column":12},"end":{"line":317,"column":12},"skip":true}]}},"code":["/*","example.js","","quickstart example","","instruction","    1. save this script as example.js","    2. run the shell command:","        $ npm install npmtest-pg.js && PORT=8081 node example.js","    3. play with the browser-demo on http://127.0.0.1:8081","*/","","","","/* istanbul instrument in package npmtest_pg_js */","/*jslint","    bitwise: true,","    browser: true,","    maxerr: 8,","    maxlen: 96,","    node: true,","    nomen: true,","    regexp: true,","    stupid: true","*/","(function () {","    'use strict';","    var local;","","","","    // run shared js-env code - init-before","    (function () {","        // init local","        local = {};","        // init modeJs","        local.modeJs = (function () {","            try {","                return typeof navigator.userAgent === 'string' &&","                    typeof document.querySelector('body') === 'object' &&","                    typeof XMLHttpRequest.prototype.open === 'function' &&","                    'browser';","            } catch (errorCaughtBrowser) {","                return module.exports &&","                    typeof process.versions.node === 'string' &&","                    typeof require('http').createServer === 'function' &&","                    'node';","            }","        }());","        // init global","        local.global = local.modeJs === 'browser'","            ? window","            : global;","        // init utility2_rollup","        local = local.global.utility2_rollup || (local.modeJs === 'browser'","            ? local.global.utility2_npmtest_pg_js","            : global.utility2_moduleExports);","        // export local","        local.global.local = local;","    }());","    switch (local.modeJs) {","","","","    // init-after","    // run browser js-env code - init-after","    /* istanbul ignore next */","    case 'browser':","        local.testRunBrowser = function (event) {","            if (!event || (event &&","                    event.currentTarget &&","                    event.currentTarget.className &&","                    event.currentTarget.className.includes &&","                    event.currentTarget.className.includes('onreset'))) {","                // reset output","                Array.from(","                    document.querySelectorAll('body > .resettable')","                ).forEach(function (element) {","                    switch (element.tagName) {","                    case 'INPUT':","                    case 'TEXTAREA':","                        element.value = '';","                        break;","                    default:","                        element.textContent = '';","                    }","                });","            }","            switch (event && event.currentTarget && event.currentTarget.id) {","            case 'testRunButton1':","                // show tests","                if (document.querySelector('#testReportDiv1').style.display === 'none') {","                    document.querySelector('#testReportDiv1').style.display = 'block';","                    document.querySelector('#testRunButton1').textContent =","                        'hide internal test';","                    local.modeTest = true;","                    local.testRunDefault(local);","                // hide tests","                } else {","                    document.querySelector('#testReportDiv1').style.display = 'none';","                    document.querySelector('#testRunButton1').textContent = 'run internal test';","                }","                break;","            // custom-case","            default:","                break;","            }","            if (document.querySelector('#inputTextareaEval1') && (!event || (event &&","                    event.currentTarget &&","                    event.currentTarget.className &&","                    event.currentTarget.className.includes &&","                    event.currentTarget.className.includes('oneval')))) {","                // try to eval input-code","                try {","                    /*jslint evil: true*/","                    eval(document.querySelector('#inputTextareaEval1').value);","                } catch (errorCaught) {","                    console.error(errorCaught);","                }","            }","        };","        // log stderr and stdout to #outputTextareaStdout1","        ['error', 'log'].forEach(function (key) {","            console[key + '_original'] = console[key];","            console[key] = function () {","                var element;","                console[key + '_original'].apply(console, arguments);","                element = document.querySelector('#outputTextareaStdout1');","                if (!element) {","                    return;","                }","                // append text to #outputTextareaStdout1","                element.value += Array.from(arguments).map(function (arg) {","                    return typeof arg === 'string'","                        ? arg","                        : JSON.stringify(arg, null, 4);","                }).join(' ') + '\\n';","                // scroll textarea to bottom","                element.scrollTop = element.scrollHeight;","            };","        });","        // init event-handling","        ['change', 'click', 'keyup'].forEach(function (event) {","            Array.from(document.querySelectorAll('.on' + event)).forEach(function (element) {","                element.addEventListener(event, local.testRunBrowser);","            });","        });","        // run tests","        local.testRunBrowser();","        break;","","","","    // run node js-env code - init-after","    /* istanbul ignore next */","    case 'node':","        // export local","        module.exports = local;","        // require modules","        local.fs = require('fs');","        local.http = require('http');","        local.url = require('url');","        // init assets","        local.assetsDict = local.assetsDict || {};","        /* jslint-ignore-begin */","        local.assetsDict['/assets.index.template.html'] = '\\","<!doctype html>\\n\\","<html lang=\"en\">\\n\\","<head>\\n\\","<meta charset=\"UTF-8\">\\n\\","<meta name=\"viewport\" content=\"width=device-width, initial-scale=1\">\\n\\","<title>{{env.npm_package_name}} (v{{env.npm_package_version}})</title>\\n\\","<style>\\n\\","/*csslint\\n\\","    box-sizing: false,\\n\\","    universal-selector: false\\n\\","*/\\n\\","* {\\n\\","    box-sizing: border-box;\\n\\","}\\n\\","body {\\n\\","    background: #dde;\\n\\","    font-family: Arial, Helvetica, sans-serif;\\n\\","    margin: 2rem;\\n\\","}\\n\\","body > * {\\n\\","    margin-bottom: 1rem;\\n\\","}\\n\\",".utility2FooterDiv {\\n\\","    margin-top: 20px;\\n\\","    text-align: center;\\n\\","}\\n\\","</style>\\n\\","<style>\\n\\","/*csslint\\n\\","*/\\n\\","textarea {\\n\\","    font-family: monospace;\\n\\","    height: 10rem;\\n\\","    width: 100%;\\n\\","}\\n\\","textarea[readonly] {\\n\\","    background: #ddd;\\n\\","}\\n\\","</style>\\n\\","</head>\\n\\","<body>\\n\\","<!-- utility2-comment\\n\\","<div id=\"ajaxProgressDiv1\" style=\"background: #d00; height: 2px; left: 0; margin: 0; padding: 0; position: fixed; top: 0; transition: background 0.5s, width 1.5s; width: 25%;\"></div>\\n\\","utility2-comment -->\\n\\","<h1>\\n\\","<!-- utility2-comment\\n\\","    <a\\n\\","        {{#if env.npm_package_homepage}}\\n\\","        href=\"{{env.npm_package_homepage}}\"\\n\\","        {{/if env.npm_package_homepage}}\\n\\","        target=\"_blank\"\\n\\","    >\\n\\","utility2-comment -->\\n\\","        {{env.npm_package_name}} (v{{env.npm_package_version}})\\n\\","<!-- utility2-comment\\n\\","    </a>\\n\\","utility2-comment -->\\n\\","</h1>\\n\\","<h3>{{env.npm_package_description}}</h3>\\n\\","<!-- utility2-comment\\n\\","<h4><a download href=\"assets.app.js\">download standalone app</a></h4>\\n\\","<button class=\"onclick onreset\" id=\"testRunButton1\">run internal test</button><br>\\n\\","<div id=\"testReportDiv1\" style=\"display: none;\"></div>\\n\\","utility2-comment -->\\n\\","\\n\\","\\n\\","\\n\\","<label>stderr and stdout</label>\\n\\","<textarea class=\"resettable\" id=\"outputTextareaStdout1\" readonly></textarea>\\n\\","<!-- utility2-comment\\n\\","{{#if isRollup}}\\n\\","<script src=\"assets.app.js\"></script>\\n\\","{{#unless isRollup}}\\n\\","utility2-comment -->\\n\\","<script src=\"assets.utility2.rollup.js\"></script>\\n\\","<script src=\"jsonp.utility2._stateInit?callback=window.utility2._stateInit\"></script>\\n\\","<script src=\"assets.npmtest_pg_js.rollup.js\"></script>\\n\\","<script src=\"assets.example.js\"></script>\\n\\","<script src=\"assets.test.js\"></script>\\n\\","<!-- utility2-comment\\n\\","{{/if isRollup}}\\n\\","utility2-comment -->\\n\\","<div class=\"utility2FooterDiv\">\\n\\","    [ this app was created with\\n\\","    <a href=\"https://github.com/kaizhu256/node-utility2\" target=\"_blank\">utility2</a>\\n\\","    ]\\n\\","</div>\\n\\","</body>\\n\\","</html>\\n\\","';","        /* jslint-ignore-end */","        if (local.templateRender) {","            local.assetsDict['/'] = local.templateRender(","                local.assetsDict['/assets.index.template.html'],","                {","                    env: local.objectSetDefault(local.env, {","                        npm_package_description: 'the greatest app in the world!',","                        npm_package_name: 'my-app',","                        npm_package_nameAlias: 'my_app',","                        npm_package_version: '0.0.1'","                    })","                }","            );","        } else {","            local.assetsDict['/'] = local.assetsDict['/assets.index.template.html']","                .replace((/\\{\\{env\\.(\\w+?)\\}\\}/g), function (match0, match1) {","                    // jslint-hack","                    String(match0);","                    switch (match1) {","                    case 'npm_package_description':","                        return 'the greatest app in the world!';","                    case 'npm_package_name':","                        return 'my-app';","                    case 'npm_package_nameAlias':","                        return 'my_app';","                    case 'npm_package_version':","                        return '0.0.1';","                    }","                });","        }","        // run the cli","        if (local.global.utility2_rollup || module !== require.main) {","            break;","        }","        local.assetsDict['/assets.example.js'] =","            local.assetsDict['/assets.example.js'] ||","            local.fs.readFileSync(__filename, 'utf8');","        // bug-workaround - long $npm_package_buildCustomOrg","        /* jslint-ignore-begin */","        local.assetsDict['/assets.npmtest_pg_js.rollup.js'] =","            local.assetsDict['/assets.npmtest_pg_js.rollup.js'] ||","            local.fs.readFileSync(","                local.npmtest_pg_js.__dirname + '/lib.npmtest_pg_js.js',","                'utf8'","            ).replace((/^#!/), '//');","        /* jslint-ignore-end */","        local.assetsDict['/favicon.ico'] = local.assetsDict['/favicon.ico'] || '';","        // if $npm_config_timeout_exit exists,","        // then exit this process after $npm_config_timeout_exit ms","        if (Number(process.env.npm_config_timeout_exit)) {","            setTimeout(process.exit, Number(process.env.npm_config_timeout_exit));","        }","        // start server","        if (local.global.utility2_serverHttp1) {","            break;","        }","        process.env.PORT = process.env.PORT || '8081';","        console.error('server starting on port ' + process.env.PORT);","        local.http.createServer(function (request, response) {","            request.urlParsed = local.url.parse(request.url);","            if (local.assetsDict[request.urlParsed.pathname] !== undefined) {","                response.end(local.assetsDict[request.urlParsed.pathname]);","                return;","            }","            response.statusCode = 404;","            response.end();","        }).listen(process.env.PORT);","        break;","    }","}());",""],"l":{"26":2,"28":2,"33":2,"35":2,"37":2,"38":2,"39":2,"44":1,"51":2,"55":2,"59":2,"61":2,"69":1,"70":2,"76":2,"79":2,"82":2,"83":2,"85":1,"89":2,"92":1,"93":1,"94":1,"96":1,"97":1,"100":1,"101":1,"103":1,"106":1,"108":2,"114":1,"116":1,"118":1,"123":1,"124":2,"125":2,"126":3,"127":3,"128":3,"129":3,"130":1,"133":3,"134":3,"139":3,"143":1,"144":3,"145":1,"149":1,"150":1,"158":1,"160":1,"161":1,"162":1,"164":1,"166":1,"258":1,"259":1,"271":1,"274":6,"275":6,"277":1,"279":2,"281":1,"283":2,"288":1,"289":1,"291":1,"296":1,"303":1,"306":1,"307":1,"310":1,"311":1,"313":1,"314":1,"315":1,"316":1,"317":1,"318":1,"319":1,"321":1,"322":1,"324":1}},"/home/travis/build/npmtest/node-npmtest-pg.js/node_modules/pg.js/index.js":{"path":"/home/travis/build/npmtest/node-npmtest-pg.js/node_modules/pg.js/index.js","s":{"1":1},"b":{},"f":{},"fnMap":{},"statementMap":{"1":{"start":{"line":1,"column":0},"end":{"line":1,"column":33}}},"branchMap":{},"code":["module.exports = require('./lib')",""],"l":{"1":1}},"/home/travis/build/npmtest/node-npmtest-pg.js/node_modules/pg.js/lib/index.js":{"path":"/home/travis/build/npmtest/node-npmtest-pg.js/node_modules/pg.js/lib/index.js","s":{"1":1,"2":1,"3":1,"4":1,"5":1,"6":1,"7":1,"8":1,"9":1,"10":1,"11":1,"12":1,"13":1,"14":1,"15":1,"16":1,"17":0,"18":0,"19":0,"20":0,"21":0,"22":0,"23":0,"24":0,"25":0,"26":0,"27":0,"28":0,"29":0,"30":1,"31":0,"32":0,"33":0,"34":0,"35":0,"36":0,"37":0,"38":1,"39":0,"40":0,"41":0,"42":0,"43":0,"44":0,"45":0,"46":1,"47":0,"48":1,"49":1,"50":1,"51":1,"52":0},"b":{"1":[0,0],"2":[0,0],"3":[0,0],"4":[0,0],"5":[0,0],"6":[0,0],"7":[0,1]},"f":{"1":1,"2":0,"3":0,"4":0,"5":0,"6":0,"7":0,"8":1},"fnMap":{"1":{"name":"(anonymous_1)","line":8,"loc":{"start":{"line":8,"column":9},"end":{"line":8,"column":37}}},"2":{"name":"(anonymous_2)","line":20,"loc":{"start":{"line":20,"column":19},"end":{"line":20,"column":30}}},"3":{"name":"(anonymous_3)","line":27,"loc":{"start":{"line":27,"column":17},"end":{"line":27,"column":31}}},"4":{"name":"(anonymous_4)","line":30,"loc":{"start":{"line":30,"column":17},"end":{"line":30,"column":28}}},"5":{"name":"(anonymous_5)","line":31,"loc":{"start":{"line":31,"column":27},"end":{"line":31,"column":38}}},"6":{"name":"(anonymous_6)","line":43,"loc":{"start":{"line":43,"column":23},"end":{"line":43,"column":50}}},"7":{"name":"(anonymous_7)","line":57,"loc":{"start":{"line":57,"column":22},"end":{"line":57,"column":54}}},"8":{"name":"(anonymous_8)","line":76,"loc":{"start":{"line":76,"column":44},"end":{"line":76,"column":55}}}},"statementMap":{"1":{"start":{"line":1,"column":0},"end":{"line":1,"column":50}},"2":{"start":{"line":2,"column":0},"end":{"line":2,"column":27}},"3":{"start":{"line":3,"column":0},"end":{"line":3,"column":42}},"4":{"start":{"line":4,"column":0},"end":{"line":4,"column":49}},"5":{"start":{"line":5,"column":0},"end":{"line":5,"column":40}},"6":{"start":{"line":6,"column":0},"end":{"line":6,"column":52}},"7":{"start":{"line":8,"column":0},"end":{"line":16,"column":2}},"8":{"start":{"line":9,"column":2},"end":{"line":9,"column":26}},"9":{"start":{"line":10,"column":2},"end":{"line":10,"column":27}},"10":{"start":{"line":11,"column":2},"end":{"line":11,"column":48}},"11":{"start":{"line":12,"column":2},"end":{"line":12,"column":33}},"12":{"start":{"line":13,"column":2},"end":{"line":13,"column":20}},"13":{"start":{"line":14,"column":2},"end":{"line":14,"column":31}},"14":{"start":{"line":15,"column":2},"end":{"line":15,"column":35}},"15":{"start":{"line":18,"column":0},"end":{"line":18,"column":32}},"16":{"start":{"line":20,"column":0},"end":{"line":40,"column":2}},"17":{"start":{"line":21,"column":2},"end":{"line":21,"column":18}},"18":{"start":{"line":22,"column":2},"end":{"line":22,"column":41}},"19":{"start":{"line":23,"column":2},"end":{"line":23,"column":26}},"20":{"start":{"line":24,"column":2},"end":{"line":39,"column":3}},"21":{"start":{"line":25,"column":4},"end":{"line":25,"column":21}},"22":{"start":{"line":27,"column":4},"end":{"line":38,"column":7}},"23":{"start":{"line":28,"column":6},"end":{"line":28,"column":37}},"24":{"start":{"line":29,"column":6},"end":{"line":29,"column":33}},"25":{"start":{"line":30,"column":6},"end":{"line":37,"column":9}},"26":{"start":{"line":31,"column":8},"end":{"line":36,"column":11}},"27":{"start":{"line":32,"column":10},"end":{"line":32,"column":18}},"28":{"start":{"line":33,"column":10},"end":{"line":35,"column":11}},"29":{"start":{"line":34,"column":12},"end":{"line":34,"column":29}},"30":{"start":{"line":43,"column":0},"end":{"line":54,"column":2}},"31":{"start":{"line":44,"column":2},"end":{"line":47,"column":3}},"32":{"start":{"line":45,"column":4},"end":{"line":45,"column":22}},"33":{"start":{"line":46,"column":4},"end":{"line":46,"column":18}},"34":{"start":{"line":48,"column":2},"end":{"line":48,"column":44}},"35":{"start":{"line":49,"column":2},"end":{"line":49,"column":25}},"36":{"start":{"line":50,"column":2},"end":{"line":53,"column":3}},"37":{"start":{"line":52,"column":4},"end":{"line":52,"column":52}},"38":{"start":{"line":57,"column":0},"end":{"line":68,"column":2}},"39":{"start":{"line":58,"column":2},"end":{"line":60,"column":3}},"40":{"start":{"line":59,"column":4},"end":{"line":59,"column":32}},"41":{"start":{"line":61,"column":2},"end":{"line":61,"column":17}},"42":{"start":{"line":63,"column":2},"end":{"line":65,"column":3}},"43":{"start":{"line":64,"column":4},"end":{"line":64,"column":17}},"44":{"start":{"line":66,"column":2},"end":{"line":66,"column":44}},"45":{"start":{"line":67,"column":2},"end":{"line":67,"column":41}},"46":{"start":{"line":70,"column":0},"end":{"line":81,"column":1}},"47":{"start":{"line":71,"column":2},"end":{"line":71,"column":47}},"48":{"start":{"line":73,"column":2},"end":{"line":73,"column":34}},"49":{"start":{"line":76,"column":2},"end":{"line":80,"column":5}},"50":{"start":{"line":77,"column":4},"end":{"line":77,"column":33}},"51":{"start":{"line":78,"column":4},"end":{"line":78,"column":56}},"52":{"start":{"line":79,"column":4},"end":{"line":79,"column":33}}},"branchMap":{"1":{"line":24,"type":"if","locations":[{"start":{"line":24,"column":2},"end":{"line":24,"column":2}},{"start":{"line":24,"column":2},"end":{"line":24,"column":2}}]},"2":{"line":33,"type":"if","locations":[{"start":{"line":33,"column":10},"end":{"line":33,"column":10}},{"start":{"line":33,"column":10},"end":{"line":33,"column":10}}]},"3":{"line":44,"type":"if","locations":[{"start":{"line":44,"column":2},"end":{"line":44,"column":2}},{"start":{"line":44,"column":2},"end":{"line":44,"column":2}}]},"4":{"line":50,"type":"if","locations":[{"start":{"line":50,"column":2},"end":{"line":50,"column":2}},{"start":{"line":50,"column":2},"end":{"line":50,"column":2}}]},"5":{"line":58,"type":"if","locations":[{"start":{"line":58,"column":2},"end":{"line":58,"column":2}},{"start":{"line":58,"column":2},"end":{"line":58,"column":2}}]},"6":{"line":63,"type":"if","locations":[{"start":{"line":63,"column":2},"end":{"line":63,"column":2}},{"start":{"line":63,"column":2},"end":{"line":63,"column":2}}]},"7":{"line":70,"type":"if","locations":[{"start":{"line":70,"column":0},"end":{"line":70,"column":0}},{"start":{"line":70,"column":0},"end":{"line":70,"column":0}}]}},"code":["var EventEmitter = require('events').EventEmitter;","var util = require('util');","var Client = require(__dirname+'/client');","var defaults =  require(__dirname + '/defaults');","var pool = require(__dirname + '/pool');","var Connection = require(__dirname + '/connection');","","var PG = function(clientConstructor) {","  EventEmitter.call(this);","  this.defaults = defaults;","  this.Client = pool.Client = clientConstructor;","  this.Query = this.Client.Query;","  this.pools = pool;","  this.Connection = Connection;","  this.types = require('pg-types');","};","","util.inherits(PG, EventEmitter);","","PG.prototype.end = function() {","  var self = this;","  var keys = Object.keys(self.pools.all);","  var count = keys.length;","  if(count === 0) {","    self.emit('end');","  } else {","    keys.forEach(function(key) {","      var pool = self.pools.all[key];","      delete self.pools.all[key];","      pool.drain(function() {","        pool.destroyAllNow(function() {","          count--;","          if(count === 0) {","            self.emit('end');","          }","        });","      });","    });","  }","};","","","PG.prototype.connect = function(config, callback) {","  if(typeof config == \"function\") {","    callback = config;","    config = null;","  }","  var pool = this.pools.getOrCreate(config);","  pool.connect(callback);","  if(!pool.listeners('error').length) {","    //propagate errors up to pg object","    pool.on('error', this.emit.bind(this, 'error'));","  }","};","","// cancel the query runned by the given client","PG.prototype.cancel = function(config, client, query) {","  if(client.native) {","    return client.cancel(query);","  }","  var c = config;","  //allow for no config to be passed","  if(typeof c === 'function') {","    c = defaults;","  }","  var cancellingClient = new this.Client(c);","  cancellingClient.cancel(client, query);","};","","if(typeof process.env.NODE_PG_FORCE_NATIVE != 'undefined') {","  module.exports = new PG(require('./native'));","} else {","  module.exports = new PG(Client);","","  //lazy require native module...the native module may not have installed","  module.exports.__defineGetter__(\"native\", function() {","    delete module.exports.native;","    module.exports.native = new PG(require('./native'));","    return module.exports.native;","  });","}",""],"l":{"1":1,"2":1,"3":1,"4":1,"5":1,"6":1,"8":1,"9":1,"10":1,"11":1,"12":1,"13":1,"14":1,"15":1,"18":1,"20":1,"21":0,"22":0,"23":0,"24":0,"25":0,"27":0,"28":0,"29":0,"30":0,"31":0,"32":0,"33":0,"34":0,"43":1,"44":0,"45":0,"46":0,"48":0,"49":0,"50":0,"52":0,"57":1,"58":0,"59":0,"61":0,"63":0,"64":0,"66":0,"67":0,"70":1,"71":0,"73":1,"76":1,"77":1,"78":1,"79":0}},"/home/travis/build/npmtest/node-npmtest-pg.js/node_modules/pg.js/lib/client.js":{"path":"/home/travis/build/npmtest/node-npmtest-pg.js/node_modules/pg.js/lib/client.js","s":{"1":1,"2":1,"3":1,"4":1,"5":1,"6":1,"7":1,"8":1,"9":1,"10":1,"11":0,"12":0,"13":0,"14":0,"15":0,"16":0,"17":0,"18":0,"19":0,"20":0,"21":0,"22":0,"23":0,"24":0,"25":0,"26":0,"27":1,"28":1,"29":0,"30":0,"31":0,"32":0,"33":0,"34":0,"35":0,"36":0,"37":0,"38":0,"39":0,"40":1,"41":0,"42":0,"43":0,"44":0,"45":0,"46":0,"47":0,"48":0,"49":0,"50":0,"51":0,"52":0,"53":0,"54":0,"55":0,"56":0,"57":0,"58":0,"59":0,"60":0,"61":0,"62":0,"63":0,"64":0,"65":0,"66":0,"67":0,"68":0,"69":0,"70":0,"71":0,"72":0,"73":0,"74":0,"75":0,"76":0,"77":0,"78":0,"79":0,"80":0,"81":0,"82":0,"83":0,"84":0,"85":0,"86":0,"87":0,"88":0,"89":0,"90":0,"91":0,"92":0,"93":0,"94":0,"95":0,"96":0,"97":0,"98":0,"99":0,"100":0,"101":0,"102":0,"103":0,"104":0,"105":0,"106":0,"107":0,"108":0,"109":1,"110":0,"111":0,"112":0,"113":0,"114":0,"115":0,"116":1,"117":0,"118":0,"119":0,"120":0,"121":0,"122":0,"123":0,"124":0,"125":0,"126":1,"127":0,"128":1,"129":0,"130":1,"131":0,"132":0,"133":0,"134":0,"135":0,"136":0,"137":0,"138":0,"139":1,"140":0,"141":0,"142":0,"143":0,"144":0,"145":0,"146":0,"147":0,"148":0,"149":0,"150":0,"151":0,"152":0,"153":0,"154":1,"155":0,"156":0,"157":0,"158":0,"159":0,"160":0,"161":0,"162":0,"163":0,"164":1,"165":0,"166":1,"167":0,"168":1,"169":0,"170":0,"171":0,"172":0,"173":0,"174":0,"175":0,"176":0,"177":1,"178":0,"179":1,"180":0,"181":1,"182":1},"b":{"1":[0,0],"2":[0,0],"3":[0,0],"4":[0,0],"5":[0,0],"6":[0,0],"7":[0,0],"8":[0,0],"9":[0,0],"10":[0,0],"11":[0,0],"12":[0,0],"13":[0,0],"14":[0,0],"15":[0,0],"16":[0,0],"17":[0,0],"18":[0,0],"19":[0,0],"20":[0,0],"21":[0,0],"22":[0,0],"23":[0,0],"24":[0,0],"25":[0,0],"26":[0,0],"27":[0,0],"28":[0,0],"29":[0,0],"30":[0,0],"31":[0,0],"32":[0,0],"33":[0,0]},"f":{"1":0,"2":0,"3":0,"4":0,"5":0,"6":0,"7":0,"8":0,"9":0,"10":0,"11":0,"12":0,"13":0,"14":0,"15":0,"16":0,"17":0,"18":0,"19":0,"20":0,"21":0,"22":0,"23":0,"24":0,"25":0,"26":0,"27":0,"28":0,"29":0,"30":0,"31":0,"32":0,"33":0,"34":0,"35":0,"36":0},"fnMap":{"1":{"name":"(anonymous_1)","line":12,"loc":{"start":{"line":12,"column":13},"end":{"line":12,"column":30}}},"2":{"name":"(anonymous_2)","line":40,"loc":{"start":{"line":40,"column":27},"end":{"line":40,"column":46}}},"3":{"name":"(anonymous_3)","line":52,"loc":{"start":{"line":52,"column":20},"end":{"line":52,"column":31}}},"4":{"name":"(anonymous_4)","line":60,"loc":{"start":{"line":60,"column":23},"end":{"line":60,"column":34}}},"5":{"name":"checkPgPass","line":64,"loc":{"start":{"line":64,"column":2},"end":{"line":64,"column":27}}},"6":{"name":"(anonymous_6)","line":65,"loc":{"start":{"line":65,"column":11},"end":{"line":65,"column":25}}},"7":{"name":"(anonymous_7)","line":69,"loc":{"start":{"line":69,"column":42},"end":{"line":69,"column":56}}},"8":{"name":"(anonymous_8)","line":80,"loc":{"start":{"line":80,"column":56},"end":{"line":80,"column":67}}},"9":{"name":"(anonymous_9)","line":85,"loc":{"start":{"line":85,"column":50},"end":{"line":85,"column":64}}},"10":{"name":"(anonymous_10)","line":92,"loc":{"start":{"line":92,"column":29},"end":{"line":92,"column":43}}},"11":{"name":"(anonymous_11)","line":99,"loc":{"start":{"line":99,"column":28},"end":{"line":99,"column":39}}},"12":{"name":"(anonymous_12)","line":102,"loc":{"start":{"line":102,"column":29},"end":{"line":102,"column":43}}},"13":{"name":"(anonymous_13)","line":107,"loc":{"start":{"line":107,"column":22},"end":{"line":107,"column":36}}},"14":{"name":"(anonymous_14)","line":112,"loc":{"start":{"line":112,"column":30},"end":{"line":112,"column":44}}},"15":{"name":"(anonymous_15)","line":117,"loc":{"start":{"line":117,"column":30},"end":{"line":117,"column":44}}},"16":{"name":"(anonymous_16)","line":124,"loc":{"start":{"line":124,"column":28},"end":{"line":124,"column":42}}},"17":{"name":"(anonymous_17)","line":130,"loc":{"start":{"line":130,"column":29},"end":{"line":130,"column":43}}},"18":{"name":"(anonymous_18)","line":134,"loc":{"start":{"line":134,"column":23},"end":{"line":134,"column":38}}},"19":{"name":"(anonymous_19)","line":138,"loc":{"start":{"line":138,"column":27},"end":{"line":138,"column":41}}},"20":{"name":"(anonymous_20)","line":152,"loc":{"start":{"line":152,"column":26},"end":{"line":152,"column":37}}},"21":{"name":"(anonymous_21)","line":162,"loc":{"start":{"line":162,"column":18},"end":{"line":162,"column":34}}},"22":{"name":"(anonymous_22)","line":175,"loc":{"start":{"line":175,"column":18},"end":{"line":175,"column":29}}},"23":{"name":"(anonymous_23)","line":192,"loc":{"start":{"line":192,"column":19},"end":{"line":192,"column":33}}},"24":{"name":"(anonymous_24)","line":198,"loc":{"start":{"line":198,"column":34},"end":{"line":198,"column":45}}},"25":{"name":"(anonymous_25)","line":214,"loc":{"start":{"line":214,"column":26},"end":{"line":214,"column":50}}},"26":{"name":"(anonymous_26)","line":225,"loc":{"start":{"line":225,"column":22},"end":{"line":225,"column":33}}},"27":{"name":"(anonymous_27)","line":233,"loc":{"start":{"line":233,"column":33},"end":{"line":233,"column":64}}},"28":{"name":"(anonymous_28)","line":237,"loc":{"start":{"line":237,"column":33},"end":{"line":237,"column":55}}},"29":{"name":"(anonymous_29)","line":242,"loc":{"start":{"line":242,"column":36},"end":{"line":242,"column":50}}},"30":{"name":"(anonymous_30)","line":261,"loc":{"start":{"line":261,"column":33},"end":{"line":261,"column":47}}},"31":{"name":"(anonymous_31)","line":287,"loc":{"start":{"line":287,"column":36},"end":{"line":287,"column":47}}},"32":{"name":"(anonymous_32)","line":301,"loc":{"start":{"line":301,"column":28},"end":{"line":301,"column":44}}},"33":{"name":"(anonymous_33)","line":305,"loc":{"start":{"line":305,"column":26},"end":{"line":305,"column":42}}},"34":{"name":"(anonymous_34)","line":309,"loc":{"start":{"line":309,"column":25},"end":{"line":309,"column":60}}},"35":{"name":"(anonymous_35)","line":325,"loc":{"start":{"line":325,"column":23},"end":{"line":325,"column":34}}},"36":{"name":"(anonymous_36)","line":329,"loc":{"start":{"line":329,"column":13},"end":{"line":329,"column":30}}}},"statementMap":{"1":{"start":{"line":1,"column":0},"end":{"line":1,"column":31}},"2":{"start":{"line":2,"column":0},"end":{"line":2,"column":50}},"3":{"start":{"line":3,"column":0},"end":{"line":3,"column":27}},"4":{"start":{"line":4,"column":0},"end":{"line":4,"column":31}},"5":{"start":{"line":5,"column":0},"end":{"line":5,"column":48}},"6":{"start":{"line":7,"column":0},"end":{"line":7,"column":73}},"7":{"start":{"line":8,"column":0},"end":{"line":8,"column":42}},"8":{"start":{"line":9,"column":0},"end":{"line":9,"column":48}},"9":{"start":{"line":10,"column":0},"end":{"line":10,"column":52}},"10":{"start":{"line":12,"column":0},"end":{"line":36,"column":2}},"11":{"start":{"line":13,"column":2},"end":{"line":13,"column":26}},"12":{"start":{"line":15,"column":2},"end":{"line":15,"column":63}},"13":{"start":{"line":16,"column":2},"end":{"line":16,"column":45}},"14":{"start":{"line":17,"column":2},"end":{"line":17,"column":53}},"15":{"start":{"line":18,"column":2},"end":{"line":18,"column":45}},"16":{"start":{"line":19,"column":2},"end":{"line":19,"column":45}},"17":{"start":{"line":20,"column":2},"end":{"line":20,"column":53}},"18":{"start":{"line":22,"column":2},"end":{"line":22,"column":23}},"19":{"start":{"line":24,"column":2},"end":{"line":24,"column":43}},"20":{"start":{"line":26,"column":2},"end":{"line":29,"column":5}},"21":{"start":{"line":30,"column":2},"end":{"line":30,"column":23}},"22":{"start":{"line":31,"column":2},"end":{"line":31,"column":44}},"23":{"start":{"line":32,"column":2},"end":{"line":32,"column":25}},"24":{"start":{"line":33,"column":2},"end":{"line":33,"column":24}},"25":{"start":{"line":34,"column":2},"end":{"line":34,"column":24}},"26":{"start":{"line":35,"column":2},"end":{"line":35,"column":52}},"27":{"start":{"line":38,"column":0},"end":{"line":38,"column":36}},"28":{"start":{"line":40,"column":0},"end":{"line":196,"column":2}},"29":{"start":{"line":41,"column":2},"end":{"line":41,"column":18}},"30":{"start":{"line":42,"column":2},"end":{"line":42,"column":28}},"31":{"start":{"line":44,"column":2},"end":{"line":48,"column":3}},"32":{"start":{"line":45,"column":4},"end":{"line":45,"column":54}},"33":{"start":{"line":47,"column":4},"end":{"line":47,"column":38}},"34":{"start":{"line":52,"column":2},"end":{"line":58,"column":5}},"35":{"start":{"line":53,"column":4},"end":{"line":57,"column":5}},"36":{"start":{"line":54,"column":6},"end":{"line":54,"column":23}},"37":{"start":{"line":56,"column":6},"end":{"line":56,"column":41}},"38":{"start":{"line":60,"column":2},"end":{"line":62,"column":5}},"39":{"start":{"line":61,"column":4},"end":{"line":61,"column":39}},"40":{"start":{"line":64,"column":2},"end":{"line":77,"column":3}},"41":{"start":{"line":65,"column":4},"end":{"line":76,"column":6}},"42":{"start":{"line":66,"column":6},"end":{"line":75,"column":7}},"43":{"start":{"line":67,"column":8},"end":{"line":67,"column":16}},"44":{"start":{"line":69,"column":8},"end":{"line":74,"column":11}},"45":{"start":{"line":70,"column":10},"end":{"line":72,"column":11}},"46":{"start":{"line":71,"column":12},"end":{"line":71,"column":70}},"47":{"start":{"line":73,"column":10},"end":{"line":73,"column":18}},"48":{"start":{"line":80,"column":2},"end":{"line":82,"column":6}},"49":{"start":{"line":81,"column":4},"end":{"line":81,"column":32}},"50":{"start":{"line":85,"column":2},"end":{"line":90,"column":6}},"51":{"start":{"line":86,"column":4},"end":{"line":86,"column":54}},"52":{"start":{"line":87,"column":4},"end":{"line":87,"column":64}},"53":{"start":{"line":88,"column":4},"end":{"line":88,"column":36}},"54":{"start":{"line":89,"column":4},"end":{"line":89,"column":30}},"55":{"start":{"line":92,"column":2},"end":{"line":95,"column":5}},"56":{"start":{"line":93,"column":4},"end":{"line":93,"column":35}},"57":{"start":{"line":94,"column":4},"end":{"line":94,"column":35}},"58":{"start":{"line":99,"column":2},"end":{"line":150,"column":5}},"59":{"start":{"line":102,"column":4},"end":{"line":104,"column":7}},"60":{"start":{"line":103,"column":6},"end":{"line":103,"column":49}},"61":{"start":{"line":107,"column":4},"end":{"line":109,"column":7}},"62":{"start":{"line":108,"column":6},"end":{"line":108,"column":42}},"63":{"start":{"line":112,"column":4},"end":{"line":114,"column":7}},"64":{"start":{"line":113,"column":6},"end":{"line":113,"column":50}},"65":{"start":{"line":117,"column":4},"end":{"line":119,"column":7}},"66":{"start":{"line":118,"column":6},"end":{"line":118,"column":55}},"67":{"start":{"line":124,"column":4},"end":{"line":128,"column":7}},"68":{"start":{"line":125,"column":6},"end":{"line":127,"column":7}},"69":{"start":{"line":126,"column":8},"end":{"line":126,"column":59}},"70":{"start":{"line":130,"column":4},"end":{"line":132,"column":7}},"71":{"start":{"line":131,"column":6},"end":{"line":131,"column":61}},"72":{"start":{"line":134,"column":4},"end":{"line":136,"column":7}},"73":{"start":{"line":135,"column":6},"end":{"line":135,"column":60}},"74":{"start":{"line":138,"column":4},"end":{"line":140,"column":7}},"75":{"start":{"line":139,"column":6},"end":{"line":139,"column":37}},"76":{"start":{"line":143,"column":4},"end":{"line":148,"column":5}},"77":{"start":{"line":144,"column":6},"end":{"line":144,"column":27}},"78":{"start":{"line":147,"column":6},"end":{"line":147,"column":22}},"79":{"start":{"line":149,"column":4},"end":{"line":149,"column":25}},"80":{"start":{"line":152,"column":2},"end":{"line":160,"column":5}},"81":{"start":{"line":153,"column":4},"end":{"line":153,"column":39}},"82":{"start":{"line":154,"column":4},"end":{"line":154,"column":28}},"83":{"start":{"line":155,"column":4},"end":{"line":155,"column":30}},"84":{"start":{"line":156,"column":4},"end":{"line":156,"column":28}},"85":{"start":{"line":157,"column":4},"end":{"line":159,"column":5}},"86":{"start":{"line":158,"column":6},"end":{"line":158,"column":40}},"87":{"start":{"line":162,"column":2},"end":{"line":173,"column":5}},"88":{"start":{"line":163,"column":4},"end":{"line":167,"column":5}},"89":{"start":{"line":164,"column":6},"end":{"line":164,"column":41}},"90":{"start":{"line":165,"column":6},"end":{"line":165,"column":30}},"91":{"start":{"line":166,"column":6},"end":{"line":166,"column":49}},"92":{"start":{"line":168,"column":4},"end":{"line":170,"column":5}},"93":{"start":{"line":169,"column":6},"end":{"line":169,"column":39}},"94":{"start":{"line":171,"column":4},"end":{"line":171,"column":20}},"95":{"start":{"line":172,"column":4},"end":{"line":172,"column":20}},"96":{"start":{"line":175,"column":2},"end":{"line":189,"column":5}},"97":{"start":{"line":176,"column":4},"end":{"line":182,"column":5}},"98":{"start":{"line":178,"column":6},"end":{"line":178,"column":51}},"99":{"start":{"line":179,"column":6},"end":{"line":179,"column":20}},"100":{"start":{"line":180,"column":6},"end":{"line":180,"column":22}},"101":{"start":{"line":181,"column":6},"end":{"line":181,"column":13}},"102":{"start":{"line":183,"column":4},"end":{"line":187,"column":5}},"103":{"start":{"line":184,"column":6},"end":{"line":184,"column":63}},"104":{"start":{"line":185,"column":6},"end":{"line":185,"column":57}},"105":{"start":{"line":186,"column":6},"end":{"line":186,"column":30}},"106":{"start":{"line":188,"column":4},"end":{"line":188,"column":21}},"107":{"start":{"line":192,"column":2},"end":{"line":194,"column":5}},"108":{"start":{"line":193,"column":4},"end":{"line":193,"column":29}},"109":{"start":{"line":198,"column":0},"end":{"line":212,"column":2}},"110":{"start":{"line":199,"column":2},"end":{"line":199,"column":41}},"111":{"start":{"line":201,"column":2},"end":{"line":204,"column":4}},"112":{"start":{"line":206,"column":2},"end":{"line":206,"column":76}},"113":{"start":{"line":207,"column":2},"end":{"line":209,"column":3}},"114":{"start":{"line":208,"column":4},"end":{"line":208,"column":36}},"115":{"start":{"line":211,"column":2},"end":{"line":211,"column":14}},"116":{"start":{"line":214,"column":0},"end":{"line":231,"column":2}},"117":{"start":{"line":215,"column":2},"end":{"line":230,"column":3}},"118":{"start":{"line":216,"column":4},"end":{"line":216,"column":30}},"119":{"start":{"line":218,"column":4},"end":{"line":222,"column":5}},"120":{"start":{"line":219,"column":6},"end":{"line":219,"column":56}},"121":{"start":{"line":221,"column":6},"end":{"line":221,"column":40}},"122":{"start":{"line":225,"column":4},"end":{"line":227,"column":7}},"123":{"start":{"line":226,"column":6},"end":{"line":226,"column":53}},"124":{"start":{"line":228,"column":9},"end":{"line":230,"column":3}},"125":{"start":{"line":229,"column":4},"end":{"line":229,"column":66}},"126":{"start":{"line":233,"column":0},"end":{"line":235,"column":2}},"127":{"start":{"line":234,"column":2},"end":{"line":234,"column":57}},"128":{"start":{"line":237,"column":0},"end":{"line":239,"column":2}},"129":{"start":{"line":238,"column":2},"end":{"line":238,"column":48}},"130":{"start":{"line":242,"column":0},"end":{"line":258,"column":2}},"131":{"start":{"line":244,"column":2},"end":{"line":244,"column":20}},"132":{"start":{"line":246,"column":2},"end":{"line":253,"column":3}},"133":{"start":{"line":247,"column":4},"end":{"line":247,"column":19}},"134":{"start":{"line":248,"column":4},"end":{"line":252,"column":5}},"135":{"start":{"line":249,"column":6},"end":{"line":249,"column":23}},"136":{"start":{"line":251,"column":6},"end":{"line":251,"column":19}},"137":{"start":{"line":255,"column":2},"end":{"line":255,"column":17}},"138":{"start":{"line":257,"column":2},"end":{"line":257,"column":17}},"139":{"start":{"line":261,"column":0},"end":{"line":285,"column":2}},"140":{"start":{"line":263,"column":2},"end":{"line":263,"column":27}},"141":{"start":{"line":264,"column":2},"end":{"line":264,"column":21}},"142":{"start":{"line":266,"column":2},"end":{"line":276,"column":3}},"143":{"start":{"line":267,"column":4},"end":{"line":267,"column":19}},"144":{"start":{"line":268,"column":4},"end":{"line":275,"column":5}},"145":{"start":{"line":269,"column":6},"end":{"line":269,"column":23}},"146":{"start":{"line":270,"column":11},"end":{"line":275,"column":5}},"147":{"start":{"line":271,"column":6},"end":{"line":271,"column":23}},"148":{"start":{"line":272,"column":6},"end":{"line":272,"column":26}},"149":{"start":{"line":274,"column":6},"end":{"line":274,"column":19}},"150":{"start":{"line":278,"column":2},"end":{"line":278,"column":18}},"151":{"start":{"line":280,"column":2},"end":{"line":282,"column":3}},"152":{"start":{"line":281,"column":4},"end":{"line":281,"column":29}},"153":{"start":{"line":284,"column":2},"end":{"line":284,"column":17}},"154":{"start":{"line":287,"column":0},"end":{"line":299,"column":2}},"155":{"start":{"line":288,"column":2},"end":{"line":298,"column":3}},"156":{"start":{"line":289,"column":4},"end":{"line":289,"column":47}},"157":{"start":{"line":290,"column":4},"end":{"line":297,"column":5}},"158":{"start":{"line":291,"column":6},"end":{"line":291,"column":33}},"159":{"start":{"line":292,"column":6},"end":{"line":292,"column":30}},"160":{"start":{"line":293,"column":6},"end":{"line":293,"column":47}},"161":{"start":{"line":294,"column":11},"end":{"line":297,"column":5}},"162":{"start":{"line":295,"column":6},"end":{"line":295,"column":30}},"163":{"start":{"line":296,"column":6},"end":{"line":296,"column":25}},"164":{"start":{"line":301,"column":0},"end":{"line":303,"column":2}},"165":{"start":{"line":302,"column":2},"end":{"line":302,"column":90}},"166":{"start":{"line":305,"column":0},"end":{"line":307,"column":2}},"167":{"start":{"line":306,"column":2},"end":{"line":306,"column":90}},"168":{"start":{"line":309,"column":0},"end":{"line":323,"column":2}},"169":{"start":{"line":311,"column":2},"end":{"line":312,"column":41}},"170":{"start":{"line":313,"column":2},"end":{"line":315,"column":3}},"171":{"start":{"line":314,"column":4},"end":{"line":314,"column":24}},"172":{"start":{"line":316,"column":2},"end":{"line":318,"column":3}},"173":{"start":{"line":317,"column":4},"end":{"line":317,"column":79}},"174":{"start":{"line":320,"column":2},"end":{"line":320,"column":30}},"175":{"start":{"line":321,"column":2},"end":{"line":321,"column":26}},"176":{"start":{"line":322,"column":2},"end":{"line":322,"column":15}},"177":{"start":{"line":325,"column":0},"end":{"line":327,"column":2}},"178":{"start":{"line":326,"column":2},"end":{"line":326,"column":24}},"179":{"start":{"line":329,"column":0},"end":{"line":331,"column":2}},"180":{"start":{"line":330,"column":2},"end":{"line":330,"column":63}},"181":{"start":{"line":334,"column":0},"end":{"line":334,"column":21}},"182":{"start":{"line":336,"column":0},"end":{"line":336,"column":24}}},"branchMap":{"1":{"line":22,"type":"binary-expr","locations":[{"start":{"line":22,"column":10},"end":{"line":22,"column":16}},{"start":{"line":22,"column":20},"end":{"line":22,"column":22}}]},"2":{"line":26,"type":"binary-expr","locations":[{"start":{"line":26,"column":20},"end":{"line":26,"column":32}},{"start":{"line":26,"column":36},"end":{"line":29,"column":4}}]},"3":{"line":31,"type":"binary-expr","locations":[{"start":{"line":31,"column":16},"end":{"line":31,"column":24}},{"start":{"line":31,"column":28},"end":{"line":31,"column":43}}]},"4":{"line":35,"type":"binary-expr","locations":[{"start":{"line":35,"column":13},"end":{"line":35,"column":42}},{"start":{"line":35,"column":46},"end":{"line":35,"column":51}}]},"5":{"line":44,"type":"if","locations":[{"start":{"line":44,"column":2},"end":{"line":44,"column":2}},{"start":{"line":44,"column":2},"end":{"line":44,"column":2}}]},"6":{"line":44,"type":"binary-expr","locations":[{"start":{"line":44,"column":5},"end":{"line":44,"column":14}},{"start":{"line":44,"column":18},"end":{"line":44,"column":46}}]},"7":{"line":53,"type":"if","locations":[{"start":{"line":53,"column":4},"end":{"line":53,"column":4}},{"start":{"line":53,"column":4},"end":{"line":53,"column":4}}]},"8":{"line":66,"type":"if","locations":[{"start":{"line":66,"column":6},"end":{"line":66,"column":6}},{"start":{"line":66,"column":6},"end":{"line":66,"column":6}}]},"9":{"line":70,"type":"if","locations":[{"start":{"line":70,"column":10},"end":{"line":70,"column":10}},{"start":{"line":70,"column":10},"end":{"line":70,"column":10}}]},"10":{"line":125,"type":"if","locations":[{"start":{"line":125,"column":6},"end":{"line":125,"column":6}},{"start":{"line":125,"column":6},"end":{"line":125,"column":6}}]},"11":{"line":143,"type":"if","locations":[{"start":{"line":143,"column":4},"end":{"line":143,"column":4}},{"start":{"line":143,"column":4},"end":{"
[...]
rs = require(__dirname + '/../connection-parameters');","","var msg = 'Version >= ' + pkg.minNativeVersion + ' of pg-native required.';","assert(semver.gte(Native.version, pkg.minNativeVersion), msg);","","var NativeQuery = require('./query');","","var Client = module.exports = function(config) {","  EventEmitter.call(this);","  config = config || {};","","  this._types = new TypeOverrides(config.types);","","  this.native = new Native({","    types: this._types","  });","","  this._queryQueue = [];","  this._connected = false;","","  //keep these on the object for legacy reasons","  //for the time being. TODO: deprecate all this jazz","  var cp = this.connectionParameters = new ConnectionParameters(config);","  this.user = cp.user;","  this.password = cp.password;","  this.database = cp.database;","  this.host = cp.host;","  this.port = cp.port;","","  //a hash to hold named queries","  this.namedQueries = {};","};","","util.inherits(Client, EventEmitter);","","//connect to the backend","//pass an optional callback to be called once connected","//or with an error if there was a connection error","//if no callback is passed and there is a connection error","//the client will emit an error event.","Client.prototype.connect = function(cb) {","  var self = this;","","  var onError = function(err) {","    if(cb) return cb(err);","    return self.emit('error', err);","  };","","  this.connectionParameters.getLibpqConnectionString(function(err, conString) {","    if(err) return onError(err);","    self.native.connect(conString, function(err) {","      if(err) return onError(err);","","      //set internal states to connected","      self._connected = true;","","      //handle connection errors from the native layer","      self.native.on('error', function(err) {","        //error will be handled by active query","        if(self._activeQuery && self._activeQuery.state != 'end') {","          return;","        }","        self.emit('error', err);","      });","","      self.native.on('notification', function(msg) {","        self.emit('notification', {","          channel: msg.relname,","          payload: msg.extra","        });","      });","","      //signal we are connected now","      self.emit('connect');","      self._pulseQueryQueue(true);","","      //possibly call the optional callback","      if(cb) cb();","    });","  });","};","","//send a query to the server","//this method is highly overloaded to take","//1) string query, optional array of parameters, optional function callback","//2) object query with {","//    string query","//    optional array values,","//    optional function callback instead of as a separate parameter","//    optional string name to name & cache the query plan","//    optional string rowMode = 'array' for an array of results","//  }","Client.prototype.query = function(config, values, callback) {","  var query = new NativeQuery(this.native);","","  //support query('text', ...) style calls","  if(typeof config == 'string') {","    query.text = config;","  }","","  //support passing everything in via a config object","  if(typeof config == 'object') {","    query.text = config.text;","    query.values = config.values;","    query.name = config.name;","    query.callback = config.callback;","    query._arrayMode = config.rowMode == 'array';","  }","","  //support query({...}, function() {}) style calls","  //& support query(..., ['values'], ...) style calls","  if(typeof values == 'function') {","    query.callback = values;","  }","  else if(util.isArray(values)) {","    query.values = values;","  }","  if(typeof callback == 'function') {","    query.callback = callback;","  }","","  this._queryQueue.push(query);","  this._pulseQueryQueue();","  return query;","};","","//disconnect from the backend server","Client.prototype.end = function(cb) {","  var self = this;","  if(!this._connected) {","    this.once('connect', this.end.bind(this, cb));","  }","  this.native.end(function() {","    //send an error to the active query","    if(self._hasActiveQuery()) {","      var msg = 'Connection terminated';","      self._queryQueue.length = 0;","      self._activeQuery.handleError(new Error(msg));","    }","    self.emit('end');","    if(cb) cb();","  });","};","","Client.prototype._hasActiveQuery = function() {","  return this._activeQuery && this._activeQuery.state != 'error' && this._activeQuery.state != 'end';","};","","Client.prototype._pulseQueryQueue = function(initialConnection) {","  if(!this._connected) {","    return;","  }","  if(this._hasActiveQuery()) {","    return;","  }","  var query = this._queryQueue.shift();","  if(!query) {","    if(!initialConnection) {","      this.emit('drain');","    }","    return;","  }","  this._activeQuery = query;","  query.submit(this);","  var self = this;","  query.once('_done', function() {","    self._pulseQueryQueue();","  });","};","","//attempt to cancel an in-progress query","Client.prototype.cancel = function(query) {","  if(this._activeQuery == query) {","    this.native.cancel(function() {});","  } else if (this._queryQueue.indexOf(query) != -1) {","    this._queryQueue.splice(this._queryQueue.indexOf(query), 1);","  }","};","","Client.prototype.setTypeParser = function(oid, format, parseFn) {","  return this._types.setTypeParser(oid, format, parseFn);","};","","Client.prototype.getTypeParser = function(oid, format) {","  return this._types.getTypeParser(oid, format);","};",""],"l":{"1":1,"2":0,"3":0,"4":0,"5":0,"6":0,"7":0,"8":0,"10":0,"11":0,"13":0,"15":0,"16":0,"17":0,"19":0,"21":0,"25":0,"26":0,"30":0,"31":0,"32":0,"33":0,"34":0,"35":0,"38":0,"41":0,"48":0,"49":0,"51":0,"52":0,"53":0,"56":0,"57":0,"58":0,"59":0,"62":0,"65":0,"67":0,"68":0,"70":0,"73":0,"74":0,"81":0,"82":0,"85":0,"100":0,"101":0,"104":0,"105":0,"109":0,"110":0,"111":0,"112":0,"113":0,"114":0,"119":0,"120":0,"122":0,"123":0,"125":0,"126":0,"129":0,"130":0,"131":0,"135":0,"136":0,"137":0,"138":0,"140":0,"142":0,"143":0,"144":0,"145":0,"147":0,"148":0,"152":0,"153":0,"156":0,"157":0,"158":0,"160":0,"161":0,"163":0,"164":0,"165":0,"166":0,"168":0,"170":0,"171":0,"172":0,"173":0,"174":0,"179":0,"180":0,"181":0,"182":0,"183":0,"187":0,"188":0,"191":0,"192":0}},"/home/travis/build/npmtest/node-npmtest-pg.js/node_modules/pg.js/lib/native/query.js":{"path":"/home/travis/build/npmtest/node-npmtest-pg.js/node_modules/pg.js/lib/native/query.js","s":{"1":1,"2":1,"3":1,"4":1,"5":1,"6":0,"7":0,"8":0,"9":0,"10":0,"11":0,"12":0,"13":0,"14":0,"15":0,"16":0,"17":0,"18":1,"19":1,"20":0,"21":0,"22":0,"23":0,"24":0,"25":0,"26":0,"27":0,"28":0,"29":1,"30":0,"31":0,"32":0,"33":0,"34":0,"35":0,"36":0,"37":0,"38":0,"39":0,"40":0,"41":0,"42":0,"43":0,"44":0,"45":0,"46":0,"47":0,"48":0,"49":0,"50":0,"51":0,"52":0,"53":0,"54":0,"55":0,"56":0,"57":0,"58":0,"59":0,"60":0,"61":0,"62":0,"63":0},"b":{"1":[0,0],"2":[0,0],"3":[0,0],"4":[0,0],"5":[0,0],"6":[0,0],"7":[0,0],"8":[0,0],"9":[0,0],"10":[0,0],"11":[0,0],"12":[0,0]},"f":{"1":0,"2":0,"3":0,"4":0,"5":0,"6":0,"7":0,"8":0},"fnMap":{"1":{"name":"(anonymous_1)","line":6,"loc":{"start":{"line":6,"column":35},"end":{"line":6,"column":52}}},"2":{"name":"(anonymous_2)","line":22,"loc":{"start":{"line":22,"column":25},"end":{"line":22,"column":41}}},"3":{"name":"(anonymous_3)","line":29,"loc":{"start":{"line":29,"column":36},"end":{"line":29,"column":50}}},"4":{"name":"(anonymous_4)","line":46,"loc":{"start":{"line":46,"column":31},"end":{"line":46,"column":48}}},"5":{"name":"(anonymous_5)","line":51,"loc":{"start":{"line":51,"column":14},"end":{"line":51,"column":34}}},"6":{"name":"(anonymous_6)","line":53,"loc":{"start":{"line":53,"column":17},"end":{"line":53,"column":28}}},"7":{"name":"(anonymous_7)","line":68,"loc":{"start":{"line":68,"column":19},"end":{"line":68,"column":33}}},"8":{"name":"(anonymous_8)","line":96,"loc":{"start":{"line":96,"column":68},"end":{"line":96,"column":82}}}},"statementMap":{"1":{"start":{"line":1,"column":0},"end":{"line":1,"column":50}},"2":{"start":{"line":2,"column":0},"end":{"line":2,"column":27}},"3":{"start":{"line":3,"column":0},"end":{"line":3,"column":32}},"4":{"start":{"line":4,"column":0},"end":{"line":4,"column":39}},"5":{"start":{"line":6,"column":0},"end":{"line":25,"column":2}},"6":{"start":{"line":7,"column":2},"end":{"line":7,"column":26}},"7":{"start":{"line":8,"column":2},"end":{"line":8,"column":23}},"8":{"start":{"line":9,"column":2},"end":{"line":9,"column":19}},"9":{"start":{"line":10,"column":2},"end":{"line":10,"column":21}},"10":{"start":{"line":11,"column":2},"end":{"line":11,"column":19}},"11":{"start":{"line":12,"column":2},"end":{"line":12,"column":23}},"12":{"start":{"line":13,"column":2},"end":{"line":13,"column":21}},"13":{"start":{"line":14,"column":2},"end":{"line":14,"column":26}},"14":{"start":{"line":21,"column":2},"end":{"line":21,"column":30}},"15":{"start":{"line":22,"column":2},"end":{"line":24,"column":16}},"16":{"start":{"line":23,"column":4},"end":{"line":23,"column":51}},"17":{"start":{"line":23,"column":24},"end":{"line":23,"column":51}},"18":{"start":{"line":27,"column":0},"end":{"line":27,"column":41}},"19":{"start":{"line":29,"column":0},"end":{"line":44,"column":2}},"20":{"start":{"line":30,"column":2},"end":{"line":30,"column":18}},"21":{"start":{"line":32,"column":2},"end":{"line":32,"column":50}},"22":{"start":{"line":33,"column":2},"end":{"line":37,"column":3}},"23":{"start":{"line":34,"column":4},"end":{"line":36,"column":5}},"24":{"start":{"line":35,"column":6},"end":{"line":35,"column":29}},"25":{"start":{"line":38,"column":2},"end":{"line":42,"column":3}},"26":{"start":{"line":39,"column":4},"end":{"line":39,"column":23}},"27":{"start":{"line":41,"column":4},"end":{"line":41,"column":28}},"28":{"start":{"line":43,"column":2},"end":{"line":43,"column":23}},"29":{"start":{"line":46,"column":0},"end":{"line":108,"column":2}},"30":{"start":{"line":47,"column":2},"end":{"line":47,"column":25}},"31":{"start":{"line":48,"column":2},"end":{"line":48,"column":18}},"32":{"start":{"line":49,"column":2},"end":{"line":49,"column":44}},"33":{"start":{"line":51,"column":2},"end":{"line":80,"column":4}},"34":{"start":{"line":52,"column":4},"end":{"line":52,"column":36}},"35":{"start":{"line":53,"column":4},"end":{"line":55,"column":7}},"36":{"start":{"line":54,"column":6},"end":{"line":54,"column":25}},"37":{"start":{"line":58,"column":4},"end":{"line":60,"column":5}},"38":{"start":{"line":59,"column":6},"end":{"line":59,"column":35}},"39":{"start":{"line":62,"column":4},"end":{"line":62,"column":36}},"40":{"start":{"line":63,"column":4},"end":{"line":63,"column":46}},"41":{"start":{"line":64,"column":4},"end":{"line":64,"column":23}},"42":{"start":{"line":67,"column":4},"end":{"line":71,"column":5}},"43":{"start":{"line":68,"column":6},"end":{"line":70,"column":9}},"44":{"start":{"line":69,"column":8},"end":{"line":69,"column":38}},"45":{"start":{"line":75,"column":4},"end":{"line":75,"column":23}},"46":{"start":{"line":76,"column":4},"end":{"line":76,"column":29}},"47":{"start":{"line":77,"column":4},"end":{"line":79,"column":5}},"48":{"start":{"line":78,"column":6},"end":{"line":78,"column":34}},"49":{"start":{"line":82,"column":2},"end":{"line":84,"column":3}},"50":{"start":{"line":83,"column":4},"end":{"line":83,"column":39}},"51":{"start":{"line":87,"column":2},"end":{"line":107,"column":3}},"52":{"start":{"line":88,"column":4},"end":{"line":88,"column":59}},"53":{"start":{"line":92,"column":4},"end":{"line":94,"column":5}},"54":{"start":{"line":93,"column":6},"end":{"line":93,"column":59}},"55":{"start":{"line":96,"column":4},"end":{"line":100,"column":7}},"56":{"start":{"line":97,"column":6},"end":{"line":97,"column":32}},"57":{"start":{"line":97,"column":14},"end":{"line":97,"column":32}},"58":{"start":{"line":98,"column":6},"end":{"line":98,"column":44}},"59":{"start":{"line":99,"column":6},"end":{"line":99,"column":59}},"60":{"start":{"line":102,"column":7},"end":{"line":107,"column":3}},"61":{"start":{"line":103,"column":4},"end":{"line":103,"column":51}},"62":{"start":{"line":104,"column":4},"end":{"line":104,"column":46}},"63":{"start":{"line":106,"column":4},"end":{"line":106,"column":40}}},"branchMap":{"1":{"line":23,"type":"if","locations":[{"start":{"line":23,"column":4},"end":{"line":23,"column":4}},{"start":{"line":23,"column":4},"end":{"line":23,"column":4}}]},"2":{"line":33,"type":"if","locations":[{"start":{"line":33,"column":2},"end":{"line":33,"column":2}},{"start":{"line":33,"column":2},"end":{"line":33,"column":2}}]},"3":{"line":38,"type":"if","locations":[{"start":{"line":38,"column":2},"end":{"line":38,"column":2}},{"start":{"line":38,"column":2},"end":{"line":38,"column":2}}]},"4":{"line":58,"type":"if","locations":[{"start":{"line":58,"column":4},"end":{"line":58,"column":4}},{"start":{"line":58,"column":4},"end":{"line":58,"column":4}}]},"5":{"line":67,"type":"if","locations":[{"start":{"line":67,"column":4},"end":{"line":67,"column":4}},{"start":{"line":67,"column":4},"end":{"line":67,"column":4}}]},"6":{"line":77,"type":"if","locations":[{"start":{"line":77,"column":4},"end":{"line":77,"column":4}},{"start":{"line":77,"column":4},"end":{"line":77,"column":4}}]},"7":{"line":82,"type":"if","locations":[{"start":{"line":82,"column":2},"end":{"line":82,"column":2}},{"start":{"line":82,"column":2},"end":{"line":82,"column":2}}]},"8":{"line":87,"type":"if","locations":[{"start":{"line":87,"column":2},"end":{"line":87,"column":2}},{"start":{"line":87,"column":2},"end":{"line":87,"column":2}}]},"9":{"line":88,"type":"binary-expr","locations":[{"start":{"line":88,"column":18},"end":{"line":88,"column":29}},{"start":{"line":88,"column":31},"end":{"line":88,"column":33}}]},"10":{"line":92,"type":"if","locations":[{"start":{"line":92,"column":4},"end":{"line":92,"column":4}},{"start":{"line":92,"column":4},"end":{"line":92,"column":4}}]},"11":{"line":97,"type":"if","locations":[{"start":{"line":97,"column":6},"end":{"line":97,"column":6}},{"start":{"line":97,"column":6},"end":{"line":97,"column":6}}]},"12":{"line":102,"type":"if","locations":[{"start":{"line":102,"column":7},"end":{"line":102,"column":7}},{"start":{"line":102,"column":7},"end":{"line":102,"column":7}}]}},"code":["var EventEmitter = require('events').EventEmitter;","var util = require('util');","var utils = require('../utils');","var NativeResult = require('./result');","","var NativeQuery = module.exports = function(native) {","  EventEmitter.call(this);","  this.native = native;","  this.text = null;","  this.values = null;","  this.name = null;","  this.callback = null;","  this.state = 'new';","  this._arrayMode = false;","","  //if the 'row' event is listened for","  //then emit them as they come in","  //without setting singleRowMode to true","  //this has almost no meaning because libpq","  //reads all rows into memory befor returning any","  this._emitRowEvents = false;","  this.on('newListener', function(event) {","    if(event === 'row') this._emitRowEvents = true;","  }.bind(this));","};","","util.inherits(NativeQuery, EventEmitter);","","NativeQuery.prototype.handleError = function(err) {","  var self = this;","  //copy pq error fields into the error object","  var fields = self.native.pq.resultErrorFields();","  if(fields) {","    for(var key in fields) {","      err[key] = fields[key];","    }","  }","  if(self.callback) {","    self.callback(err);","  } else {","    self.emit('error', err);","  }","  self.state = 'error';","};","","NativeQuery.prototype.submit = function(client) {","  this.state = 'running';","  var self = this;","  client.native.arrayMode = this._arrayMode;","","  var after = function(err, rows) {","    client.native.arrayMode = false;","    setImmediate(function() {","      self.emit('_done');","    });","","    //handle possible query error","    if(err) {","      return self.handleError(err);","    }","","    var result = new NativeResult();","    result.addCommandComplete(self.native.pq);","    result.rows = rows;","","    //emit row events for each row in the result","    if(self._emitRowEvents) {","      rows.forEach(function(row) {","        self.emit('row', row, result);","      });","    }","","","    //handle successful result","    self.state = 'end';","    self.emit('end', result);","    if(self.callback) {","      self.callback(null, result);","    }","  };","","  if(process.domain) {","    after = process.domain.bind(after);","  }","","  //named query","  if(this.name) {","    var values = (this.values||[]).map(utils.prepareValue);","","    //check if the client has already executed this named query","    //if so...just execute it again - skip the planning phase","    if(client.namedQueries[this.name]) {","      return this.native.execute(this.name, values, after);","    }","    //plan the named query the first time, then execute it","    return this.native.prepare(this.name, this.text, values.length, function(err) {","      if(err) return after(err);","      client.namedQueries[self.name] = true;","      return self.native.execute(self.name, values, after);","    });","  }","  else if(this.values) {","    var vals = this.values.map(utils.prepareValue);","    this.native.query(this.text, vals, after);","  } else {","    this.native.query(this.text, after);","  }","};",""],"l":{"1":1,"2":1,"3":1,"4":1,"6":1,"7":0,"8":0,"9":0,"10":0,"11":0,"12":0,"13":0,"14":0,"21":0,"22":0,"23":0,"27":1,"29":1,"30":0,"32":0,"33":0,"34":0,"35":0,"38":0,"39":0,"41":0,"43":0,"46":1,"47":0,"48":0,"49":0,"51":0,"52":0,"53":0,"54":0,"58":0,"59":0,"62":0,"63":0,"64":0,"67":0,"68":0,"69":0,"75":0,"76":0,"77":0,"78":0,"82":0,"83":0,"87":0,"88":0,"92":0,"93":0,"96":0,"97":0,"98":0,"99":0,"102":0,"103":0,"104":0,"106":0}},"/home/travis/build/npmtest/node-npmtest-pg.js/node_modules/pg.js/lib/native/result.js":{"path":"/home/travis/build/npmtest/node-npmtest-pg.js/node_modules/pg.js/lib/native/result.js","s":{"1":1,"2":0,"3":0,"4":0,"5":0,"6":1,"7":0,"8":0,"9":0,"10":0,"11":0,"12":0,"13":0,"14":0},"b":{"1":[0,0]},"f":{"1":0,"2":0},"fnMap":{"1":{"name":"(anonymous_1)","line":1,"loc":{"start":{"line":1,"column":36},"end":{"line":1,"column":49}}},"2":{"name":"(anonymous_2)","line":8,"loc":{"start":{"line":8,"column":44},"end":{"line":8,"column":57}}}},"statementMap":{"1":{"start":{"line":1,"column":0},"end":{"line":6,"column":2}},"2":{"start":{"line":2,"column":2},"end":{"line":2,"column":22}},"3":{"start":{"line":3,"column":2},"end":{"line":3,"column":20}},"4":{"start":{"line":4,"column":2},"end":{"line":4,"column":19}},"5":{"start":{"line":5,"column":2},"end":{"line":5,"column":21}},"6":{"start":{"line":8,"column":0},"end":{"line":21,"column":2}},"7":{"start":{"line":9,"column":2},"end":{"line":9,"column":46}},"8":{"start":{"line":10,"column":2},"end":{"line":10,"column":33}},"9":{"start":{"line":11,"column":2},"end":{"line":11,"column":29}},"10":{"start":{"line":12,"column":2},"end":{"line":12,"column":25}},"11":{"start":{"line":12,"column":18},"end":{"line":12,"column":25}},"12":{"start":{"line":14,"column":2},"end":{"line":14,"column":19}},"13":{"start":{"line":15,"column":2},"end":{"line":20,"column":3}},"14":{"start":{"line":16,"column":4},"end":{"line":19,"column":7}}},"branchMap":{"1":{"line":12,"type":"if","locations":[{"start":{"line":12,"column":2},"end":{"line":12,"column":2}},{"start":{"line":12,"column":2},"end":{"line":12,"column":2}}]}},"code":["var NativeResult = module.exports = function(pq) {","  this.command = null;","  this.rowCount = 0;","  this.rows = null;","  this.fields = null;","};","","NativeResult.prototype.addCommandComplete = function(pq) {","  this.command = pq.cmdStatus().split(' ')[0];","  this.rowCount = pq.cmdTuples();","  var nfields = pq.nfields();","  if(nfields < 1) return;","","  this.fields = [];","  for(var i = 0; i < nfields; i++) {","    this.fields.push({","      name: pq.fname(i),","      dataTypeID: pq.ftype(i)","    });","  }","};","",""],"l":{"1":1,"2":0,"3":0,"4":0,"5":0,"8":1,"9":0,"10":0,"11":0,"12":0,"14":0,"15":0,"16":0}}}